[debug] [2022-10-26T03:34:43.985Z] ----------------------------------------------------------------------
[debug] [2022-10-26T03:34:43.990Z] Command:       C:\Program Files\nodejs\node.exe C:\Users\Kunle IT\AppData\Roaming\npm\node_modules\firebase-tools\lib\bin\firebase.js deploy
[debug] [2022-10-26T03:34:43.992Z] CLI Version:   11.15.0
[debug] [2022-10-26T03:34:43.992Z] Platform:      win32
[debug] [2022-10-26T03:34:43.992Z] Node Version:  v16.14.2
[debug] [2022-10-26T03:34:43.995Z] Time:          Wed Oct 26 2022 04:34:43 GMT+0100 (West Africa Standard Time)
[debug] [2022-10-26T03:34:43.995Z] ----------------------------------------------------------------------
[debug] 
[debug] [2022-10-26T03:34:44.093Z] >>> [apiv2][query] GET https://firebase-public.firebaseio.com/cli.json [none]
[debug] [2022-10-26T03:34:44.436Z] > command requires scopes: ["email","openid","https://www.googleapis.com/auth/cloudplatformprojects.readonly","https://www.googleapis.com/auth/firebase","https://www.googleapis.com/auth/cloud-platform"]
[debug] [2022-10-26T03:34:44.438Z] > authorizing via signed-in user (adeyemisuraju15@gmail.com)
[debug] [2022-10-26T03:34:44.438Z] [iam] checking project beta-flamingwheelz for permissions ["firebase.projects.get","firebasehosting.sites.update"]
[debug] [2022-10-26T03:34:44.441Z] > refreshing access token with scopes: []
[debug] [2022-10-26T03:34:44.443Z] >>> [apiv2][query] POST https://www.googleapis.com/oauth2/v3/token [none]
[debug] [2022-10-26T03:34:44.443Z] >>> [apiv2][body] POST https://www.googleapis.com/oauth2/v3/token [omitted]
[debug] [2022-10-26T03:34:45.017Z] <<< [apiv2][status] POST https://www.googleapis.com/oauth2/v3/token 200
[debug] [2022-10-26T03:34:45.019Z] <<< [apiv2][body] POST https://www.googleapis.com/oauth2/v3/token [omitted]
[debug] [2022-10-26T03:34:45.286Z] >>> [apiv2][query] POST https://cloudresourcemanager.googleapis.com/v1/projects/beta-flamingwheelz:testIamPermissions [none]
[debug] [2022-10-26T03:34:45.287Z] >>> [apiv2][(partial)header] POST https://cloudresourcemanager.googleapis.com/v1/projects/beta-flamingwheelz:testIamPermissions x-goog-quota-user=projects/beta-flamingwheelz
[debug] [2022-10-26T03:34:45.288Z] >>> [apiv2][body] POST https://cloudresourcemanager.googleapis.com/v1/projects/beta-flamingwheelz:testIamPermissions {"permissions":["firebase.projects.get","firebasehosting.sites.update"]}
[debug] [2022-10-26T03:34:45.306Z] <<< [apiv2][status] GET https://firebase-public.firebaseio.com/cli.json 200
[debug] [2022-10-26T03:34:45.306Z] <<< [apiv2][body] GET https://firebase-public.firebaseio.com/cli.json {"cloudBuildErrorAfter":1594252800000,"cloudBuildWarnAfter":1590019200000,"defaultNode10After":1594252800000,"minVersion":"3.0.5","node8DeploysDisabledAfter":1613390400000,"node8RuntimeDisabledAfter":1615809600000,"node8WarnAfter":1600128000000}
[debug] [2022-10-26T03:34:46.932Z] <<< [apiv2][status] POST https://cloudresourcemanager.googleapis.com/v1/projects/beta-flamingwheelz:testIamPermissions 200
[debug] [2022-10-26T03:34:46.933Z] <<< [apiv2][body] POST https://cloudresourcemanager.googleapis.com/v1/projects/beta-flamingwheelz:testIamPermissions {"permissions":["firebase.projects.get","firebasehosting.sites.update"]}
[debug] [2022-10-26T03:34:46.935Z] >>> [apiv2][query] GET https://firebase.googleapis.com/v1beta1/projects/beta-flamingwheelz [none]
[debug] [2022-10-26T03:34:47.631Z] <<< [apiv2][status] GET https://firebase.googleapis.com/v1beta1/projects/beta-flamingwheelz 200
[debug] [2022-10-26T03:34:47.632Z] <<< [apiv2][body] GET https://firebase.googleapis.com/v1beta1/projects/beta-flamingwheelz {"projectId":"beta-flamingwheelz","projectNumber":"590604914998","displayName":"beta-flamingwheelz","name":"projects/beta-flamingwheelz","resources":{"hostingSite":"beta-flamingwheelz"},"state":"ACTIVE","etag":"1_d2b8a90d-b374-41b5-b442-2b8b1c1e95bb"}
[info] 
[info] === Deploying to 'beta-flamingwheelz'...
[info] 
[info] i  deploying hosting 
[debug] [2022-10-26T03:34:47.642Z] >>> [apiv2][query] POST https://firebasehosting.googleapis.com/v1beta1/projects/-/sites/beta-flamingwheelz/versions [none]
[debug] [2022-10-26T03:34:47.643Z] >>> [apiv2][body] POST https://firebasehosting.googleapis.com/v1beta1/projects/-/sites/beta-flamingwheelz/versions {"status":"CREATED","labels":{"deployment-tool":"cli-firebase"}}
[debug] [2022-10-26T03:34:49.751Z] <<< [apiv2][status] POST https://firebasehosting.googleapis.com/v1beta1/projects/-/sites/beta-flamingwheelz/versions 200
[debug] [2022-10-26T03:34:49.751Z] <<< [apiv2][body] POST https://firebasehosting.googleapis.com/v1beta1/projects/-/sites/beta-flamingwheelz/versions {"name":"projects/590604914998/sites/beta-flamingwheelz/versions/ef60ef9874ace664","status":"CREATED","config":{},"labels":{"deployment-tool":"cli-firebase"}}
[info] i  hosting[beta-flamingwheelz]: beginning deploy... 
[info] i  hosting[beta-flamingwheelz]: found 55 files in build 
[debug] [2022-10-26T03:34:49.796Z] [hosting] uploading with 200 concurrency
[debug] [2022-10-26T03:34:50.503Z] [hosting] hash cache [YnVpbGQ] stored for 55 files
[debug] [2022-10-26T03:34:50.504Z] [hosting][hash queue][FINAL] {"max":616,"min":20,"avg":53.81818181818181,"active":0,"complete":55,"success":55,"errored":0,"retried":0,"total":55,"elapsed":634}
[debug] [2022-10-26T03:34:50.505Z] >>> [apiv2][query] POST https://firebasehosting.googleapis.com/v1beta1/projects/590604914998/sites/beta-flamingwheelz/versions/ef60ef9874ace664:populateFiles [none]
[debug] [2022-10-26T03:34:50.505Z] >>> [apiv2][body] POST https://firebasehosting.googleapis.com/v1beta1/projects/590604914998/sites/beta-flamingwheelz/versions/ef60ef9874ace664:populateFiles {"files":{"/favicon.ico":"38efd1c2a3b4f81e7e22b46def5e1a0663b3febe801ac922d9f9987d4eea5688","/icon-title.jpg":"e99b1db6b9f94301a1577a80146545a6b88088c5f5ae8859ee336c056b07ceec","/logo192.png":"3ee59515172ee198f3be375979df15ac5345183e656720a381b8872b2a39dc8b","/logo512.png":"ee7e2f3fdb8209c4b6fd7bef6ba50d1b9dba30a25bb5c3126df057e1cb6f5331","/manifest.json":"aff3449bdc238776f5d6d967f19ec491b36aed5fb7f23ccff6500736fd58494a","/robots.txt":"bfe106a3fb878dc83461c86818bf74fc1bdc7f28538ba613cd3e775516ce8b49","/asset-manifest.json":"d456ec2f246b17a84f633bf8583ba8f837d0ec135cf2f8aeb8c6c74aec84b4a8","/index.html":"f0bf20d6d7e223c93524a7d58ba8c8d4919c248bae809017b0c4bbe7d42269a7","/static/js/648.04ffd1f5.chunk.js":"a2bb22c09ddfa53d762a334075f91d9a36a9617d50c550664e738a5b10506cc9","/static/js/256.afbbab68.chunk.js":"5eacefced3182848efbb1ad251ff4312273632adf7ede89cd3bece6f625778a9","/static/js/648.04ffd1f5.chunk.js.map":"b28f7471cc26025729bf22263a18beaa7301af7bafd3a47aca4b44e13d1d3100","/static/js/867.37a7981a.chunk.js":"3b3ca3af573d51571937f994f9b41410444001c8971930d5cf381b0d5e95552f","/static/js/989.be2eba79.chunk.js.map":"72c6178d76f123b6392767a5b1cbac41b57f11cdc706e227fc6abd452a794161","/static/js/989.be2eba79.chunk.js":"224dd88dd5f481c4439581b3193014596fa398e0b83cec63b37680ae708829c1","/static/js/256.afbbab68.chunk.js.map":"7716f20a5d20f4ab42bf5bab5470c07f977b8a007da28f6975eb438fa7cd410e","/static/js/main.0e2d6025.js.LICENSE.txt":"df55bd66b313e5dc6a4fd69776dddabf2d4d05afd34fe952b19fe55b775d8358","/static/js/867.37a7981a.chunk.js.map":"79d395493350a98bfd76c429a591d8324f90e7536e5c8dc158ad63a8aa1855c8","/static/media/CEO.73030576e4dcdbaaa2ba.jpg":"34344c64a22483ee45695f1dc5bc97cc9ceb4df90e8b008767bd96f36c0e68ed","/static/media/Game Developer.864f4773dfc5d9bfa264.jpg":"9a7010ddc0018a4114d9ae98efe9996c4f61d6bd81af486f56e837f03abc07d8","/static/media/Hero_IMG_a9ygzv_c_scale,w_200.d2876c9006b708b664fc.webp":"e91063b6c720989332e55cab81076a3440be9defae7c732bf97b720f83688c07","/static/media/Klever.8b33d994f0b692b5ef80.png":"7f1af5197acd19cc567ea89ac97dfd2c8befc0f3d449195f8021f426c25330fc","/static/media/Play-NFT_lzfu8b_c_scale,w_200.a2c506260a45c3e0de2c.webp":"5626f47ba45331a5d06a12a5443474b3aacafad421aa2872e509541f5ddc54b9","/static/media/Project Manager.0cc9e3171c8ae86ca5e0.jpg":"55b3bca00b51ee82c44d83671d773d1b94fa7c35a47f6faed0206469723923bc","/static/media/About_Flaming_hopgxp_c_scale,w_437.c8ace1bb9d0eb10f69db.jpg":"993a2cf5a33f2260a02f6017f25b72ddad6c371d5e41504b0f7be6bdf0a8adac","/static/media/Advisor.065b1aa6e6c418178059.jpg":"a308992d48204fc470f07c2206b3f4ea96d03530e5241b33049cffe8e14cf738","/static/media/Epicgame.6585c5e45fccdd62966a.png":"ef6b3b5e0be1713fafff455c933e0b7088ec76ce0715bd8a24eed8d7ceecd846","/static/media/Graphic Designer.e8e54e1c1a9553d68faa.jpg":"f51243508ebfb1aa93510c69053078277aaf161672d44ff68ad9991bd76fb396","/static/media/Hero_IMG_a9ygzv_c_scale,w_661.69d8fc1b0139419d8ad9.webp":"70d17c9dc0489a08209a827f073cf8c6e8c1ab4f089f952da49efff866907714","/static/media/Hypatia_rcvdfg_c_scale,w_793.382c1c28ac4e2af181fe.jpg":"4fad2f6445df94175aa5fd601c8f11f26e0599c9172d72e6c34ce253f629a628","/static/media/Play-NFT_lzfu8b_c_scale,w_569.ad6ee6c2957472d2f296.webp":"b48b1f63f34ad0dac061fbe581032c8e79ab2bad6cf7d17ede49072873f1267f","/static/media/Social Manager.5f95a749e1080232ea70.jpg":"c77920f0a1335206754137f479b95aa65cf1cfb7f699002b1be55223a644644c","/static/media/Software Developer.dd1ec81fe0f2c2c519a1.jpg":"c8e87311f64e87c95a348d6c19ac3b73c71afdd4f792e4be8dcc4c59a7b2b7d1","/static/media/Unreal.c03a65a75f7ef245c12a.png":"08eeb23882c298088cfa26c733d756a2b70e28f54ae091f5255d1d9a0a8b8131","/static/media/About_Flaming_hopgxp_c_scale,w_632.7547ea665df19cec33c4.jpg":"f65ffb4f72a68be3b0e0bfa870dc1d2c4eeda48bbb9bcb115c1e56e9e53cace0","/static/media/Hero_IMG_a9ygzv_c_scale,w_953.1e3ccfda27e328e1ec61.webp":"7223a29950e733e7ccbc5160cf95772baa86b42f7c355db6e8656a599871b35f","/static/media/Hypatia_rcvdfg_c_scale,w_1040.bc84cf8fc7f7998df289.jpg":"5710eecc112d8a777fccade99972289a4b67a12fb9592b3f341c72587b940bb4","/static/media/Play-NFT_lzfu8b_c_scale,w_879.20dd9d9d88493bda32ed.webp":"c01bd6005c5cd159c6e8e78e97256cf8c876053b323ca468f69e6a6585eb85a8","/static/media/Dragon.967b6c172182dc473530.png":"12c20905f30ee07d7651b3e24436078c24e6ca7460262001a8d58a6a55ac7279","/static/media/Hero_IMG_a9ygzv_c_scale,w_1245.a99b080f2bf0dba711a3.webp":"060a765787293339a57871d91680a49557eeec3fbc5b94301426774c1403cb50","/static/media/About_Flaming_hopgxp_c_scale,w_815.4695a4f21caa7e286dfa.jpg":"761b4901fcc3ff804aec9e1cc99ee767f5b0c9f70e859641091e7f3e66ff6e20","/static/media/Hero_IMG_a9ygzv_c_scale,w_1335.7a27871de1715adaba13.webp":"ecd0715f025c45f1705f170fa3a3fe04dda02b24d968aaa4145a9723bd9897b5","/static/media/Play-NFT_lzfu8b_c_scale,w_968.72cf93f7a62e8d032c58.webp":"ba70349a05d7eb71da74e217d054e5272f33c50b1758aad9bac01b2ed70dbfca","/static/media/pumpskin.be43f553eb01c8ebaae8.png":"ab4fa95a248095db9edd857ee5852025cbb0c98c79ddc99621bf504d02c4878c","/static/media/Play-NFT_lzfu8b_c_scale,w_1172.c31fd34e4318fbbf304c.webp":"5ac28b80844e62b65efc943c23796969d76697abf90734c67b1061f9dac29920","/static/media/About_Flaming_hopgxp_c_scale,w_1013.b6af2b8c7abb999a713a.jpg":"196b2e07b604d774651854749b1433b956c52b4c6299d5426da9e6af3a4531cd","/static/media/Hero_IMG_a9ygzv_c_scale,w_1400.d2fe4881e8600ed9328e.webp":"7aeadec032fcb244d99033e866b1cabd050e433502110730e0e5424a954071e3","/static/media/New_Logo_red.5c72b54db010c2c5c948.png":"b504824ae82dbf04a4fa23330fa16982463a4ae26d484d4347898277f2b52cd7","/static/media/Play-NFT_lzfu8b_c_scale,w_1388.0d7e58ab54d59591b95c.webp":"cc07be748447f487bfbadeaf1afb1d6b6367d895b9c1834f4e4cfacd67a15a00","/static/media/New_Logo.005c53a1c6a851ccd7f6.png":"fdf904aef4d9c2c85d1bffbcc424b7a7afd1f8ddb4e2a57238b553332ccd8b8b","/static/media/About_Flaming_hopgxp_c_scale,w_1275.fda444aafe6707e154fc.jpg":"cbb794aed1f223c34a65f3efa7afddf101805d9515620e5f726fd20d2bb85894","/static/js/main.0e2d6025.js":"becb383c4d02b9f60d92c57c889cd1d3568f0cbabb5c0ec44858a1230ca68e55","/static/media/About_Flaming_hopgxp_c_scale,w_1400.7a554fb012f4e682d55a.jpg":"19a01bb065963f5fa51ba6aea433917623f01e16c2d95014b93aa391e5597023","/static/media/Play-NFT_lzfu8b_c_scale,w_1400.83cc754195ef0e614515.webp":"b49f8be0a93bbc015283147c6f589d1df16f455a8365245fa24a09babaf42f54","/static/media/KleverKid.501f9c74d97ab3d968ca.png":"3d77c3ad97b8b14bcb7982abeee119a5b73a77019f0b9c4dc0d163d7cf70c3c6","/static/js/main.0e2d6025.js.map":"a3bf8ee17f098180f88f283d94a2cd5d75b438f4328e4ff22707a0f13859762e"}}
[debug] [2022-10-26T03:34:52.471Z] <<< [apiv2][status] POST https://firebasehosting.googleapis.com/v1beta1/projects/590604914998/sites/beta-flamingwheelz/versions/ef60ef9874ace664:populateFiles 200
[debug] [2022-10-26T03:34:52.471Z] <<< [apiv2][body] POST https://firebasehosting.googleapis.com/v1beta1/projects/590604914998/sites/beta-flamingwheelz/versions/ef60ef9874ace664:populateFiles {"uploadRequiredHashes":["72c6178d76f123b6392767a5b1cbac41b57f11cdc706e227fc6abd452a794161","7716f20a5d20f4ab42bf5bab5470c07f977b8a007da28f6975eb438fa7cd410e","b48b1f63f34ad0dac061fbe581032c8e79ab2bad6cf7d17ede49072873f1267f","79d395493350a98bfd76c429a591d8324f90e7536e5c8dc158ad63a8aa1855c8","f0bf20d6d7e223c93524a7d58ba8c8d4919c248bae809017b0c4bbe7d42269a7","993a2cf5a33f2260a02f6017f25b72ddad6c371d5e41504b0f7be6bdf0a8adac","060a765787293339a57871d91680a49557eeec3fbc5b94301426774c1403cb50","196b2e07b604d774651854749b1433b956c52b4c6299d5426da9e6af3a4531cd","7223a29950e733e7ccbc5160cf95772baa86b42f7c355db6e8656a599871b35f","ab4fa95a248095db9edd857ee5852025cbb0c98c79ddc99621bf504d02c4878c","5710eecc112d8a777fccade99972289a4b67a12fb9592b3f341c72587b940bb4","cc07be748447f487bfbadeaf1afb1d6b6367d895b9c1834f4e4cfacd67a15a00","c01bd6005c5cd159c6e8e78e97256cf8c876053b323ca468f69e6a6585eb85a8","cbb794aed1f223c34a65f3efa7afddf101805d9515620e5f726fd20d2bb85894","a2bb22c09ddfa53d762a334075f91d9a36a9617d50c550664e738a5b10506cc9","34344c64a22483ee45695f1dc5bc97cc9ceb4df90e8b008767bd96f36c0e68ed","a3bf8ee17f098180f88f283d94a2cd5d75b438f4328e4ff22707a0f13859762e","7aeadec032fcb244d99033e866b1cabd050e433502110730e0e5424a954071e3","19a01bb065963f5fa51ba6aea433917623f01e16c2d95014b93aa391e5597023","4fad2f6445df94175aa5fd601c8f11f26e0599c9172d72e6c34ce253f629a628","5ac28b80844e62b65efc943c23796969d76697abf90734c67b1061f9dac29920","5626f47ba45331a5d06a12a5443474b3aacafad421aa2872e509541f5ddc54b9","ba70349a05d7eb71da74e217d054e5272f33c50b1758aad9bac01b2ed70dbfca","e91063b6c720989332e55cab81076a3440be9defae7c732bf97b720f83688c07","5eacefced3182848efbb1ad251ff4312273632adf7ede89cd3bece6f625778a9","ecd0715f025c45f1705f170fa3a3fe04dda02b24d968aaa4145a9723bd9897b5","b28f7471cc26025729bf22263a18beaa7301af7bafd3a47aca4b44e13d1d3100","becb383c4d02b9f60d92c57c889cd1d3568f0cbabb5c0ec44858a1230ca68e55","224dd88dd5f481c4439581b3193014596fa398e0b83cec63b37680ae708829c1","f65ffb4f72a68be3b0e0bfa870dc1d2c4eeda48bbb9bcb115c1e56e9e53cace0","3b3ca3af573d51571937f994f9b41410444001c8971930d5cf381b0d5e95552f","b49f8be0a93bbc015283147c6f589d1df16f455a8365245fa24a09babaf42f54","12c20905f30ee07d7651b3e24436078c24e6ca7460262001a8d58a6a55ac7279","d456ec2f246b17a84f633bf8583ba8f837d0ec135cf2f8aeb8c6c74aec84b4a8","761b4901fcc3ff804aec9e1cc99ee767f5b0c9f70e859641091e7f3e66ff6e20","70d17c9dc0489a08209a827f073cf8c6e8c1ab4f089f952da49efff866907714"],"uploadUrl":"https://upload-firebasehosting.googleapis.com/upload/sites/beta-flamingwheelz/versions/ef60ef9874ace664/files"}
[debug] [2022-10-26T03:34:52.482Z] >>> [apiv2][query] POST https://upload-firebasehosting.googleapis.com/upload/sites/beta-flamingwheelz/versions/ef60ef9874ace664/files/72c6178d76f123b6392767a5b1cbac41b57f11cdc706e227fc6abd452a794161 [none]
[debug] [2022-10-26T03:34:52.482Z] >>> [apiv2][body] POST https://upload-firebasehosting.googleapis.com/upload/sites/beta-flamingwheelz/versions/ef60ef9874ace664/files/72c6178d76f123b6392767a5b1cbac41b57f11cdc706e227fc6abd452a794161 [stream]
[debug] [2022-10-26T03:34:52.484Z] >>> [apiv2][query] POST https://upload-firebasehosting.googleapis.com/upload/sites/beta-flamingwheelz/versions/ef60ef9874ace664/files/7716f20a5d20f4ab42bf5bab5470c07f977b8a007da28f6975eb438fa7cd410e [none]
[debug] [2022-10-26T03:34:52.484Z] >>> [apiv2][body] POST https://upload-firebasehosting.googleapis.com/upload/sites/beta-flamingwheelz/versions/ef60ef9874ace664/files/7716f20a5d20f4ab42bf5bab5470c07f977b8a007da28f6975eb438fa7cd410e [stream]
[debug] [2022-10-26T03:34:52.487Z] >>> [apiv2][query] POST https://upload-firebasehosting.googleapis.com/upload/sites/beta-flamingwheelz/versions/ef60ef9874ace664/files/b48b1f63f34ad0dac061fbe581032c8e79ab2bad6cf7d17ede49072873f1267f [none]
[debug] [2022-10-26T03:34:52.487Z] >>> [apiv2][body] POST https://upload-firebasehosting.googleapis.com/upload/sites/beta-flamingwheelz/versions/ef60ef9874ace664/files/b48b1f63f34ad0dac061fbe581032c8e79ab2bad6cf7d17ede49072873f1267f [stream]
[debug] [2022-10-26T03:34:52.489Z] >>> [apiv2][query] POST https://upload-firebasehosting.googleapis.com/upload/sites/beta-flamingwheelz/versions/ef60ef9874ace664/files/79d395493350a98bfd76c429a591d8324f90e7536e5c8dc158ad63a8aa1855c8 [none]
[debug] [2022-10-26T03:34:52.489Z] >>> [apiv2][body] POST https://upload-firebasehosting.googleapis.com/upload/sites/beta-flamingwheelz/versions/ef60ef9874ace664/files/79d395493350a98bfd76c429a591d8324f90e7536e5c8dc158ad63a8aa1855c8 [stream]
[debug] [2022-10-26T03:34:52.491Z] >>> [apiv2][query] POST https://upload-firebasehosting.googleapis.com/upload/sites/beta-flamingwheelz/versions/ef60ef9874ace664/files/f0bf20d6d7e223c93524a7d58ba8c8d4919c248bae809017b0c4bbe7d42269a7 [none]
[debug] [2022-10-26T03:34:52.491Z] >>> [apiv2][body] POST https://upload-firebasehosting.googleapis.com/upload/sites/beta-flamingwheelz/versions/ef60ef9874ace664/files/f0bf20d6d7e223c93524a7d58ba8c8d4919c248bae809017b0c4bbe7d42269a7 [stream]
[debug] [2022-10-26T03:34:52.493Z] >>> [apiv2][query] POST https://upload-firebasehosting.googleapis.com/upload/sites/beta-flamingwheelz/versions/ef60ef9874ace664/files/993a2cf5a33f2260a02f6017f25b72ddad6c371d5e41504b0f7be6bdf0a8adac [none]
[debug] [2022-10-26T03:34:52.493Z] >>> [apiv2][body] POST https://upload-firebasehosting.googleapis.com/upload/sites/beta-flamingwheelz/versions/ef60ef9874ace664/files/993a2cf5a33f2260a02f6017f25b72ddad6c371d5e41504b0f7be6bdf0a8adac [stream]
[debug] [2022-10-26T03:34:52.495Z] >>> [apiv2][query] POST https://upload-firebasehosting.googleapis.com/upload/sites/beta-flamingwheelz/versions/ef60ef9874ace664/files/060a765787293339a57871d91680a49557eeec3fbc5b94301426774c1403cb50 [none]
[debug] [2022-10-26T03:34:52.496Z] >>> [apiv2][body] POST https://upload-firebasehosting.googleapis.com/upload/sites/beta-flamingwheelz/versions/ef60ef9874ace664/files/060a765787293339a57871d91680a49557eeec3fbc5b94301426774c1403cb50 [stream]
[debug] [2022-10-26T03:34:52.498Z] >>> [apiv2][query] POST https://upload-firebasehosting.googleapis.com/upload/sites/beta-flamingwheelz/versions/ef60ef9874ace664/files/196b2e07b604d774651854749b1433b956c52b4c6299d5426da9e6af3a4531cd [none]
[debug] [2022-10-26T03:34:52.498Z] >>> [apiv2][body] POST https://upload-firebasehosting.googleapis.com/upload/sites/beta-flamingwheelz/versions/ef60ef9874ace664/files/196b2e07b604d774651854749b1433b956c52b4c6299d5426da9e6af3a4531cd [stream]
[debug] [2022-10-26T03:34:52.499Z] >>> [apiv2][query] POST https://upload-firebasehosting.googleapis.com/upload/sites/beta-flamingwheelz/versions/ef60ef9874ace664/files/7223a29950e733e7ccbc5160cf95772baa86b42f7c355db6e8656a599871b35f [none]
[debug] [2022-10-26T03:34:52.499Z] >>> [apiv2][body] POST https://upload-firebasehosting.googleapis.com/upload/sites/beta-flamingwheelz/versions/ef60ef9874ace664/files/7223a29950e733e7ccbc5160cf95772baa86b42f7c355db6e8656a599871b35f [stream]
[debug] [2022-10-26T03:34:52.500Z] >>> [apiv2][query] POST https://upload-firebasehosting.googleapis.com/upload/sites/beta-flamingwheelz/versions/ef60ef9874ace664/files/ab4fa95a248095db9edd857ee5852025cbb0c98c79ddc99621bf504d02c4878c [none]
[debug] [2022-10-26T03:34:52.500Z] >>> [apiv2][body] POST https://upload-firebasehosting.googleapis.com/upload/sites/beta-flamingwheelz/versions/ef60ef9874ace664/files/ab4fa95a248095db9edd857ee5852025cbb0c98c79ddc99621bf504d02c4878c [stream]
[debug] [2022-10-26T03:34:52.502Z] >>> [apiv2][query] POST https://upload-firebasehosting.googleapis.com/upload/sites/beta-flamingwheelz/versions/ef60ef9874ace664/files/5710eecc112d8a777fccade99972289a4b67a12fb9592b3f341c72587b940bb4 [none]
[debug] [2022-10-26T03:34:52.502Z] >>> [apiv2][body] POST https://upload-firebasehosting.googleapis.com/upload/sites/beta-flamingwheelz/versions/ef60ef9874ace664/files/5710eecc112d8a777fccade99972289a4b67a12fb9592b3f341c72587b940bb4 [stream]
[debug] [2022-10-26T03:34:52.506Z] >>> [apiv2][query] POST https://upload-firebasehosting.googleapis.com/upload/sites/beta-flamingwheelz/versions/ef60ef9874ace664/files/cc07be748447f487bfbadeaf1afb1d6b6367d895b9c1834f4e4cfacd67a15a00 [none]
[debug] [2022-10-26T03:34:52.506Z] >>> [apiv2][body] POST https://upload-firebasehosting.googleapis.com/upload/sites/beta-flamingwheelz/versions/ef60ef9874ace664/files/cc07be748447f487bfbadeaf1afb1d6b6367d895b9c1834f4e4cfacd67a15a00 [stream]
[debug] [2022-10-26T03:34:52.507Z] >>> [apiv2][query] POST https://upload-firebasehosting.googleapis.com/upload/sites/beta-flamingwheelz/versions/ef60ef9874ace664/files/c01bd6005c5cd159c6e8e78e97256cf8c876053b323ca468f69e6a6585eb85a8 [none]
[debug] [2022-10-26T03:34:52.507Z] >>> [apiv2][body] POST https://upload-firebasehosting.googleapis.com/upload/sites/beta-flamingwheelz/versions/ef60ef9874ace664/files/c01bd6005c5cd159c6e8e78e97256cf8c876053b323ca468f69e6a6585eb85a8 [stream]
[debug] [2022-10-26T03:34:52.508Z] >>> [apiv2][query] POST https://upload-firebasehosting.googleapis.com/upload/sites/beta-flamingwheelz/versions/ef60ef9874ace664/files/cbb794aed1f223c34a65f3efa7afddf101805d9515620e5f726fd20d2bb85894 [none]
[debug] [2022-10-26T03:34:52.508Z] >>> [apiv2][body] POST https://upload-firebasehosting.googleapis.com/upload/sites/beta-flamingwheelz/versions/ef60ef9874ace664/files/cbb794aed1f223c34a65f3efa7afddf101805d9515620e5f726fd20d2bb85894 [stream]
[debug] [2022-10-26T03:34:52.510Z] >>> [apiv2][query] POST https://upload-firebasehosting.googleapis.com/upload/sites/beta-flamingwheelz/versions/ef60ef9874ace664/files/a2bb22c09ddfa53d762a334075f91d9a36a9617d50c550664e738a5b10506cc9 [none]
[debug] [2022-10-26T03:34:52.510Z] >>> [apiv2][body] POST https://upload-firebasehosting.googleapis.com/upload/sites/beta-flamingwheelz/versions/ef60ef9874ace664/files/a2bb22c09ddfa53d762a334075f91d9a36a9617d50c550664e738a5b10506cc9 [stream]
[debug] [2022-10-26T03:34:52.511Z] >>> [apiv2][query] POST https://upload-firebasehosting.googleapis.com/upload/sites/beta-flamingwheelz/versions/ef60ef9874ace664/files/34344c64a22483ee45695f1dc5bc97cc9ceb4df90e8b008767bd96f36c0e68ed [none]
[debug] [2022-10-26T03:34:52.511Z] >>> [apiv2][body] POST https://upload-firebasehosting.googleapis.com/upload/sites/beta-flamingwheelz/versions/ef60ef9874ace664/files/34344c64a22483ee45695f1dc5bc97cc9ceb4df90e8b008767bd96f36c0e68ed [stream]
[debug] [2022-10-26T03:34:52.512Z] >>> [apiv2][query] POST https://upload-firebasehosting.googleapis.com/upload/sites/beta-flamingwheelz/versions/ef60ef9874ace664/files/a3bf8ee17f098180f88f283d94a2cd5d75b438f4328e4ff22707a0f13859762e [none]
[debug] [2022-10-26T03:34:52.512Z] >>> [apiv2][body] POST https://upload-firebasehosting.googleapis.com/upload/sites/beta-flamingwheelz/versions/ef60ef9874ace664/files/a3bf8ee17f098180f88f283d94a2cd5d75b438f4328e4ff22707a0f13859762e [stream]
[debug] [2022-10-26T03:34:52.513Z] >>> [apiv2][query] POST https://upload-firebasehosting.googleapis.com/upload/sites/beta-flamingwheelz/versions/ef60ef9874ace664/files/7aeadec032fcb244d99033e866b1cabd050e433502110730e0e5424a954071e3 [none]
[debug] [2022-10-26T03:34:52.513Z] >>> [apiv2][body] POST https://upload-firebasehosting.googleapis.com/upload/sites/beta-flamingwheelz/versions/ef60ef9874ace664/files/7aeadec032fcb244d99033e866b1cabd050e433502110730e0e5424a954071e3 [stream]
[debug] [2022-10-26T03:34:52.514Z] >>> [apiv2][query] POST https://upload-firebasehosting.googleapis.com/upload/sites/beta-flamingwheelz/versions/ef60ef9874ace664/files/19a01bb065963f5fa51ba6aea433917623f01e16c2d95014b93aa391e5597023 [none]
[debug] [2022-10-26T03:34:52.514Z] >>> [apiv2][body] POST https://upload-firebasehosting.googleapis.com/upload/sites/beta-flamingwheelz/versions/ef60ef9874ace664/files/19a01bb065963f5fa51ba6aea433917623f01e16c2d95014b93aa391e5597023 [stream]
[debug] [2022-10-26T03:34:52.514Z] >>> [apiv2][query] POST https://upload-firebasehosting.googleapis.com/upload/sites/beta-flamingwheelz/versions/ef60ef9874ace664/files/4fad2f6445df94175aa5fd601c8f11f26e0599c9172d72e6c34ce253f629a628 [none]
[debug] [2022-10-26T03:34:52.515Z] >>> [apiv2][body] POST https://upload-firebasehosting.googleapis.com/upload/sites/beta-flamingwheelz/versions/ef60ef9874ace664/files/4fad2f6445df94175aa5fd601c8f11f26e0599c9172d72e6c34ce253f629a628 [stream]
[debug] [2022-10-26T03:34:52.516Z] >>> [apiv2][query] POST https://upload-firebasehosting.googleapis.com/upload/sites/beta-flamingwheelz/versions/ef60ef9874ace664/files/5ac28b80844e62b65efc943c23796969d76697abf90734c67b1061f9dac29920 [none]
[debug] [2022-10-26T03:34:52.516Z] >>> [apiv2][body] POST https://upload-firebasehosting.googleapis.com/upload/sites/beta-flamingwheelz/versions/ef60ef9874ace664/files/5ac28b80844e62b65efc943c23796969d76697abf90734c67b1061f9dac29920 [stream]
[debug] [2022-10-26T03:34:52.517Z] >>> [apiv2][query] POST https://upload-firebasehosting.googleapis.com/upload/sites/beta-flamingwheelz/versions/ef60ef9874ace664/files/5626f47ba45331a5d06a12a5443474b3aacafad421aa2872e509541f5ddc54b9 [none]
[debug] [2022-10-26T03:34:52.517Z] >>> [apiv2][body] POST https://upload-firebasehosting.googleapis.com/upload/sites/beta-flamingwheelz/versions/ef60ef9874ace664/files/5626f47ba45331a5d06a12a5443474b3aacafad421aa2872e509541f5ddc54b9 [stream]
[debug] [2022-10-26T03:34:52.518Z] >>> [apiv2][query] POST https://upload-firebasehosting.googleapis.com/upload/sites/beta-flamingwheelz/versions/ef60ef9874ace664/files/ba70349a05d7eb71da74e217d054e5272f33c50b1758aad9bac01b2ed70dbfca [none]
[debug] [2022-10-26T03:34:52.518Z] >>> [apiv2][body] POST https://upload-firebasehosting.googleapis.com/upload/sites/beta-flamingwheelz/versions/ef60ef9874ace664/files/ba70349a05d7eb71da74e217d054e5272f33c50b1758aad9bac01b2ed70dbfca [stream]
[debug] [2022-10-26T03:34:52.518Z] >>> [apiv2][query] POST https://upload-firebasehosting.googleapis.com/upload/sites/beta-flamingwheelz/versions/ef60ef9874ace664/files/e91063b6c720989332e55cab81076a3440be9defae7c732bf97b720f83688c07 [none]
[debug] [2022-10-26T03:34:52.518Z] >>> [apiv2][body] POST https://upload-firebasehosting.googleapis.com/upload/sites/beta-flamingwheelz/versions/ef60ef9874ace664/files/e91063b6c720989332e55cab81076a3440be9defae7c732bf97b720f83688c07 [stream]
[debug] [2022-10-26T03:34:52.520Z] >>> [apiv2][query] POST https://upload-firebasehosting.googleapis.com/upload/sites/beta-flamingwheelz/versions/ef60ef9874ace664/files/5eacefced3182848efbb1ad251ff4312273632adf7ede89cd3bece6f625778a9 [none]
[debug] [2022-10-26T03:34:52.520Z] >>> [apiv2][body] POST https://upload-firebasehosting.googleapis.com/upload/sites/beta-flamingwheelz/versions/ef60ef9874ace664/files/5eacefced3182848efbb1ad251ff4312273632adf7ede89cd3bece6f625778a9 [stream]
[debug] [2022-10-26T03:34:52.520Z] >>> [apiv2][query] POST https://upload-firebasehosting.googleapis.com/upload/sites/beta-flamingwheelz/versions/ef60ef9874ace664/files/ecd0715f025c45f1705f170fa3a3fe04dda02b24d968aaa4145a9723bd9897b5 [none]
[debug] [2022-10-26T03:34:52.520Z] >>> [apiv2][body] POST https://upload-firebasehosting.googleapis.com/upload/sites/beta-flamingwheelz/versions/ef60ef9874ace664/files/ecd0715f025c45f1705f170fa3a3fe04dda02b24d968aaa4145a9723bd9897b5 [stream]
[debug] [2022-10-26T03:34:52.521Z] >>> [apiv2][query] POST https://upload-firebasehosting.googleapis.com/upload/sites/beta-flamingwheelz/versions/ef60ef9874ace664/files/b28f7471cc26025729bf22263a18beaa7301af7bafd3a47aca4b44e13d1d3100 [none]
[debug] [2022-10-26T03:34:52.521Z] >>> [apiv2][body] POST https://upload-firebasehosting.googleapis.com/upload/sites/beta-flamingwheelz/versions/ef60ef9874ace664/files/b28f7471cc26025729bf22263a18beaa7301af7bafd3a47aca4b44e13d1d3100 [stream]
[debug] [2022-10-26T03:34:52.521Z] >>> [apiv2][query] POST https://upload-firebasehosting.googleapis.com/upload/sites/beta-flamingwheelz/versions/ef60ef9874ace664/files/becb383c4d02b9f60d92c57c889cd1d3568f0cbabb5c0ec44858a1230ca68e55 [none]
[debug] [2022-10-26T03:34:52.521Z] >>> [apiv2][body] POST https://upload-firebasehosting.googleapis.com/upload/sites/beta-flamingwheelz/versions/ef60ef9874ace664/files/becb383c4d02b9f60d92c57c889cd1d3568f0cbabb5c0ec44858a1230ca68e55 [stream]
[debug] [2022-10-26T03:34:52.522Z] >>> [apiv2][query] POST https://upload-firebasehosting.googleapis.com/upload/sites/beta-flamingwheelz/versions/ef60ef9874ace664/files/224dd88dd5f481c4439581b3193014596fa398e0b83cec63b37680ae708829c1 [none]
[debug] [2022-10-26T03:34:52.522Z] >>> [apiv2][body] POST https://upload-firebasehosting.googleapis.com/upload/sites/beta-flamingwheelz/versions/ef60ef9874ace664/files/224dd88dd5f481c4439581b3193014596fa398e0b83cec63b37680ae708829c1 [stream]
[debug] [2022-10-26T03:34:52.523Z] >>> [apiv2][query] POST https://upload-firebasehosting.googleapis.com/upload/sites/beta-flamingwheelz/versions/ef60ef9874ace664/files/f65ffb4f72a68be3b0e0bfa870dc1d2c4eeda48bbb9bcb115c1e56e9e53cace0 [none]
[debug] [2022-10-26T03:34:52.523Z] >>> [apiv2][body] POST https://upload-firebasehosting.googleapis.com/upload/sites/beta-flamingwheelz/versions/ef60ef9874ace664/files/f65ffb4f72a68be3b0e0bfa870dc1d2c4eeda48bbb9bcb115c1e56e9e53cace0 [stream]
[debug] [2022-10-26T03:34:52.523Z] >>> [apiv2][query] POST https://upload-firebasehosting.googleapis.com/upload/sites/beta-flamingwheelz/versions/ef60ef9874ace664/files/3b3ca3af573d51571937f994f9b41410444001c8971930d5cf381b0d5e95552f [none]
[debug] [2022-10-26T03:34:52.523Z] >>> [apiv2][body] POST https://upload-firebasehosting.googleapis.com/upload/sites/beta-flamingwheelz/versions/ef60ef9874ace664/files/3b3ca3af573d51571937f994f9b41410444001c8971930d5cf381b0d5e95552f [stream]
[debug] [2022-10-26T03:34:52.524Z] >>> [apiv2][query] POST https://upload-firebasehosting.googleapis.com/upload/sites/beta-flamingwheelz/versions/ef60ef9874ace664/files/b49f8be0a93bbc015283147c6f589d1df16f455a8365245fa24a09babaf42f54 [none]
[debug] [2022-10-26T03:34:52.524Z] >>> [apiv2][body] POST https://upload-firebasehosting.googleapis.com/upload/sites/beta-flamingwheelz/versions/ef60ef9874ace664/files/b49f8be0a93bbc015283147c6f589d1df16f455a8365245fa24a09babaf42f54 [stream]
[debug] [2022-10-26T03:34:52.525Z] >>> [apiv2][query] POST https://upload-firebasehosting.googleapis.com/upload/sites/beta-flamingwheelz/versions/ef60ef9874ace664/files/12c20905f30ee07d7651b3e24436078c24e6ca7460262001a8d58a6a55ac7279 [none]
[debug] [2022-10-26T03:34:52.525Z] >>> [apiv2][body] POST https://upload-firebasehosting.googleapis.com/upload/sites/beta-flamingwheelz/versions/ef60ef9874ace664/files/12c20905f30ee07d7651b3e24436078c24e6ca7460262001a8d58a6a55ac7279 [stream]
[debug] [2022-10-26T03:34:52.525Z] >>> [apiv2][query] POST https://upload-firebasehosting.googleapis.com/upload/sites/beta-flamingwheelz/versions/ef60ef9874ace664/files/d456ec2f246b17a84f633bf8583ba8f837d0ec135cf2f8aeb8c6c74aec84b4a8 [none]
[debug] [2022-10-26T03:34:52.525Z] >>> [apiv2][body] POST https://upload-firebasehosting.googleapis.com/upload/sites/beta-flamingwheelz/versions/ef60ef9874ace664/files/d456ec2f246b17a84f633bf8583ba8f837d0ec135cf2f8aeb8c6c74aec84b4a8 [stream]
[debug] [2022-10-26T03:34:52.526Z] >>> [apiv2][query] POST https://upload-firebasehosting.googleapis.com/upload/sites/beta-flamingwheelz/versions/ef60ef9874ace664/files/761b4901fcc3ff804aec9e1cc99ee767f5b0c9f70e859641091e7f3e66ff6e20 [none]
[debug] [2022-10-26T03:34:52.526Z] >>> [apiv2][body] POST https://upload-firebasehosting.googleapis.com/upload/sites/beta-flamingwheelz/versions/ef60ef9874ace664/files/761b4901fcc3ff804aec9e1cc99ee767f5b0c9f70e859641091e7f3e66ff6e20 [stream]
[debug] [2022-10-26T03:34:52.527Z] >>> [apiv2][query] POST https://upload-firebasehosting.googleapis.com/upload/sites/beta-flamingwheelz/versions/ef60ef9874ace664/files/70d17c9dc0489a08209a827f073cf8c6e8c1ab4f089f952da49efff866907714 [none]
[debug] [2022-10-26T03:34:52.527Z] >>> [apiv2][body] POST https://upload-firebasehosting.googleapis.com/upload/sites/beta-flamingwheelz/versions/ef60ef9874ace664/files/70d17c9dc0489a08209a827f073cf8c6e8c1ab4f089f952da49efff866907714 [stream]
[debug] [2022-10-26T03:34:52.527Z] [hosting][populate queue][FINAL] {"max":1981,"min":1981,"avg":1981,"active":0,"complete":1,"success":1,"errored":0,"retried":0,"total":1,"elapsed":2027}
[debug] [2022-10-26T03:34:52.527Z] [hosting] uploads queued: 36
[debug] [2022-10-26T03:34:55.369Z] <<< [apiv2][status] POST https://upload-firebasehosting.googleapis.com/upload/sites/beta-flamingwheelz/versions/ef60ef9874ace664/files/72c6178d76f123b6392767a5b1cbac41b57f11cdc706e227fc6abd452a794161 200
[debug] [2022-10-26T03:34:55.370Z] <<< [apiv2][body] POST https://upload-firebasehosting.googleapis.com/upload/sites/beta-flamingwheelz/versions/ef60ef9874ace664/files/72c6178d76f123b6392767a5b1cbac41b57f11cdc706e227fc6abd452a794161 [stream]
[debug] [2022-10-26T03:34:56.227Z] <<< [apiv2][status] POST https://upload-firebasehosting.googleapis.com/upload/sites/beta-flamingwheelz/versions/ef60ef9874ace664/files/a2bb22c09ddfa53d762a334075f91d9a36a9617d50c550664e738a5b10506cc9 200
[debug] [2022-10-26T03:34:56.227Z] <<< [apiv2][body] POST https://upload-firebasehosting.googleapis.com/upload/sites/beta-flamingwheelz/versions/ef60ef9874ace664/files/a2bb22c09ddfa53d762a334075f91d9a36a9617d50c550664e738a5b10506cc9 [stream]
[debug] [2022-10-26T03:34:56.327Z] <<< [apiv2][status] POST https://upload-firebasehosting.googleapis.com/upload/sites/beta-flamingwheelz/versions/ef60ef9874ace664/files/5eacefced3182848efbb1ad251ff4312273632adf7ede89cd3bece6f625778a9 200
[debug] [2022-10-26T03:34:56.327Z] <<< [apiv2][body] POST https://upload-firebasehosting.googleapis.com/upload/sites/beta-flamingwheelz/versions/ef60ef9874ace664/files/5eacefced3182848efbb1ad251ff4312273632adf7ede89cd3bece6f625778a9 [stream]
[debug] [2022-10-26T03:34:57.914Z] <<< [apiv2][status] POST https://upload-firebasehosting.googleapis.com/upload/sites/beta-flamingwheelz/versions/ef60ef9874ace664/files/f0bf20d6d7e223c93524a7d58ba8c8d4919c248bae809017b0c4bbe7d42269a7 200
[debug] [2022-10-26T03:34:57.914Z] <<< [apiv2][body] POST https://upload-firebasehosting.googleapis.com/upload/sites/beta-flamingwheelz/versions/ef60ef9874ace664/files/f0bf20d6d7e223c93524a7d58ba8c8d4919c248bae809017b0c4bbe7d42269a7 [stream]
[debug] [2022-10-26T03:34:58.548Z] <<< [apiv2][status] POST https://upload-firebasehosting.googleapis.com/upload/sites/beta-flamingwheelz/versions/ef60ef9874ace664/files/b28f7471cc26025729bf22263a18beaa7301af7bafd3a47aca4b44e13d1d3100 200
[debug] [2022-10-26T03:34:58.548Z] <<< [apiv2][body] POST https://upload-firebasehosting.googleapis.com/upload/sites/beta-flamingwheelz/versions/ef60ef9874ace664/files/b28f7471cc26025729bf22263a18beaa7301af7bafd3a47aca4b44e13d1d3100 [stream]
[debug] [2022-10-26T03:35:01.030Z] <<< [apiv2][status] POST https://upload-firebasehosting.googleapis.com/upload/sites/beta-flamingwheelz/versions/ef60ef9874ace664/files/d456ec2f246b17a84f633bf8583ba8f837d0ec135cf2f8aeb8c6c74aec84b4a8 200
[debug] [2022-10-26T03:35:01.031Z] <<< [apiv2][body] POST https://upload-firebasehosting.googleapis.com/upload/sites/beta-flamingwheelz/versions/ef60ef9874ace664/files/d456ec2f246b17a84f633bf8583ba8f837d0ec135cf2f8aeb8c6c74aec84b4a8 [stream]
[debug] [2022-10-26T03:35:01.292Z] <<< [apiv2][status] POST https://upload-firebasehosting.googleapis.com/upload/sites/beta-flamingwheelz/versions/ef60ef9874ace664/files/5626f47ba45331a5d06a12a5443474b3aacafad421aa2872e509541f5ddc54b9 200
[debug] [2022-10-26T03:35:01.292Z] <<< [apiv2][body] POST https://upload-firebasehosting.googleapis.com/upload/sites/beta-flamingwheelz/versions/ef60ef9874ace664/files/5626f47ba45331a5d06a12a5443474b3aacafad421aa2872e509541f5ddc54b9 [stream]
[debug] [2022-10-26T03:35:01.377Z] <<< [apiv2][status] POST https://upload-firebasehosting.googleapis.com/upload/sites/beta-flamingwheelz/versions/ef60ef9874ace664/files/7716f20a5d20f4ab42bf5bab5470c07f977b8a007da28f6975eb438fa7cd410e 200
[debug] [2022-10-26T03:35:01.378Z] <<< [apiv2][body] POST https://upload-firebasehosting.googleapis.com/upload/sites/beta-flamingwheelz/versions/ef60ef9874ace664/files/7716f20a5d20f4ab42bf5bab5470c07f977b8a007da28f6975eb438fa7cd410e [stream]
[debug] [2022-10-26T03:35:01.516Z] <<< [apiv2][status] POST https://upload-firebasehosting.googleapis.com/upload/sites/beta-flamingwheelz/versions/ef60ef9874ace664/files/224dd88dd5f481c4439581b3193014596fa398e0b83cec63b37680ae708829c1 200
[debug] [2022-10-26T03:35:01.516Z] <<< [apiv2][body] POST https://upload-firebasehosting.googleapis.com/upload/sites/beta-flamingwheelz/versions/ef60ef9874ace664/files/224dd88dd5f481c4439581b3193014596fa398e0b83cec63b37680ae708829c1 [stream]
[debug] [2022-10-26T03:35:02.723Z] <<< [apiv2][status] POST https://upload-firebasehosting.googleapis.com/upload/sites/beta-flamingwheelz/versions/ef60ef9874ace664/files/79d395493350a98bfd76c429a591d8324f90e7536e5c8dc158ad63a8aa1855c8 200
[debug] [2022-10-26T03:35:02.723Z] <<< [apiv2][body] POST https://upload-firebasehosting.googleapis.com/upload/sites/beta-flamingwheelz/versions/ef60ef9874ace664/files/79d395493350a98bfd76c429a591d8324f90e7536e5c8dc158ad63a8aa1855c8 [stream]
[debug] [2022-10-26T03:35:03.209Z] [uploadQueue] Retrying task e91063b6c720989332e55cab81076a3440be9defae7c732bf97b720f83688c07
[debug] [2022-10-26T03:35:03.210Z] >>> [apiv2][query] POST https://upload-firebasehosting.googleapis.com/upload/sites/beta-flamingwheelz/versions/ef60ef9874ace664/files/e91063b6c720989332e55cab81076a3440be9defae7c732bf97b720f83688c07 [none]
[debug] [2022-10-26T03:35:03.210Z] >>> [apiv2][body] POST https://upload-firebasehosting.googleapis.com/upload/sites/beta-flamingwheelz/versions/ef60ef9874ace664/files/e91063b6c720989332e55cab81076a3440be9defae7c732bf97b720f83688c07 [stream]
[debug] [2022-10-26T03:35:03.214Z] [uploadQueue] Retrying task ba70349a05d7eb71da74e217d054e5272f33c50b1758aad9bac01b2ed70dbfca
[debug] [2022-10-26T03:35:03.215Z] >>> [apiv2][query] POST https://upload-firebasehosting.googleapis.com/upload/sites/beta-flamingwheelz/versions/ef60ef9874ace664/files/ba70349a05d7eb71da74e217d054e5272f33c50b1758aad9bac01b2ed70dbfca [none]
[debug] [2022-10-26T03:35:03.215Z] >>> [apiv2][body] POST https://upload-firebasehosting.googleapis.com/upload/sites/beta-flamingwheelz/versions/ef60ef9874ace664/files/ba70349a05d7eb71da74e217d054e5272f33c50b1758aad9bac01b2ed70dbfca [stream]
[debug] [2022-10-26T03:35:03.218Z] [uploadQueue] Retrying task 34344c64a22483ee45695f1dc5bc97cc9ceb4df90e8b008767bd96f36c0e68ed
[debug] [2022-10-26T03:35:03.220Z] >>> [apiv2][query] POST https://upload-firebasehosting.googleapis.com/upload/sites/beta-flamingwheelz/versions/ef60ef9874ace664/files/34344c64a22483ee45695f1dc5bc97cc9ceb4df90e8b008767bd96f36c0e68ed [none]
[debug] [2022-10-26T03:35:03.220Z] >>> [apiv2][body] POST https://upload-firebasehosting.googleapis.com/upload/sites/beta-flamingwheelz/versions/ef60ef9874ace664/files/34344c64a22483ee45695f1dc5bc97cc9ceb4df90e8b008767bd96f36c0e68ed [stream]
[debug] [2022-10-26T03:35:03.397Z] <<< [apiv2][status] POST https://upload-firebasehosting.googleapis.com/upload/sites/beta-flamingwheelz/versions/ef60ef9874ace664/files/3b3ca3af573d51571937f994f9b41410444001c8971930d5cf381b0d5e95552f 200
[debug] [2022-10-26T03:35:03.397Z] <<< [apiv2][body] POST https://upload-firebasehosting.googleapis.com/upload/sites/beta-flamingwheelz/versions/ef60ef9874ace664/files/3b3ca3af573d51571937f994f9b41410444001c8971930d5cf381b0d5e95552f [stream]
[debug] [2022-10-26T03:35:03.473Z] [uploadQueue] Retrying task 761b4901fcc3ff804aec9e1cc99ee767f5b0c9f70e859641091e7f3e66ff6e20
[debug] [2022-10-26T03:35:03.474Z] >>> [apiv2][query] POST https://upload-firebasehosting.googleapis.com/upload/sites/beta-flamingwheelz/versions/ef60ef9874ace664/files/761b4901fcc3ff804aec9e1cc99ee767f5b0c9f70e859641091e7f3e66ff6e20 [none]
[debug] [2022-10-26T03:35:03.475Z] >>> [apiv2][body] POST https://upload-firebasehosting.googleapis.com/upload/sites/beta-flamingwheelz/versions/ef60ef9874ace664/files/761b4901fcc3ff804aec9e1cc99ee767f5b0c9f70e859641091e7f3e66ff6e20 [stream]
[debug] [2022-10-26T03:35:11.254Z] <<< [apiv2][status] POST https://upload-firebasehosting.googleapis.com/upload/sites/beta-flamingwheelz/versions/ef60ef9874ace664/files/e91063b6c720989332e55cab81076a3440be9defae7c732bf97b720f83688c07 200
[debug] [2022-10-26T03:35:11.255Z] <<< [apiv2][body] POST https://upload-firebasehosting.googleapis.com/upload/sites/beta-flamingwheelz/versions/ef60ef9874ace664/files/e91063b6c720989332e55cab81076a3440be9defae7c732bf97b720f83688c07 [stream]
[debug] [2022-10-26T03:35:16.548Z] <<< [apiv2][status] POST https://upload-firebasehosting.googleapis.com/upload/sites/beta-flamingwheelz/versions/ef60ef9874ace664/files/4fad2f6445df94175aa5fd601c8f11f26e0599c9172d72e6c34ce253f629a628 200
[debug] [2022-10-26T03:35:16.548Z] <<< [apiv2][body] POST https://upload-firebasehosting.googleapis.com/upload/sites/beta-flamingwheelz/versions/ef60ef9874ace664/files/4fad2f6445df94175aa5fd601c8f11f26e0599c9172d72e6c34ce253f629a628 [stream]
[debug] [2022-10-26T03:35:17.488Z] <<< [apiv2][status] POST https://upload-firebasehosting.googleapis.com/upload/sites/beta-flamingwheelz/versions/ef60ef9874ace664/files/70d17c9dc0489a08209a827f073cf8c6e8c1ab4f089f952da49efff866907714 200
[debug] [2022-10-26T03:35:17.488Z] <<< [apiv2][body] POST https://upload-firebasehosting.googleapis.com/upload/sites/beta-flamingwheelz/versions/ef60ef9874ace664/files/70d17c9dc0489a08209a827f073cf8c6e8c1ab4f089f952da49efff866907714 [stream]
[debug] [2022-10-26T03:35:17.609Z] <<< [apiv2][status] POST https://upload-firebasehosting.googleapis.com/upload/sites/beta-flamingwheelz/versions/ef60ef9874ace664/files/5710eecc112d8a777fccade99972289a4b67a12fb9592b3f341c72587b940bb4 200
[debug] [2022-10-26T03:35:17.609Z] <<< [apiv2][body] POST https://upload-firebasehosting.googleapis.com/upload/sites/beta-flamingwheelz/versions/ef60ef9874ace664/files/5710eecc112d8a777fccade99972289a4b67a12fb9592b3f341c72587b940bb4 [stream]
[debug] [2022-10-26T03:35:21.653Z] <<< [apiv2][status] POST https://upload-firebasehosting.googleapis.com/upload/sites/beta-flamingwheelz/versions/ef60ef9874ace664/files/34344c64a22483ee45695f1dc5bc97cc9ceb4df90e8b008767bd96f36c0e68ed 200
[debug] [2022-10-26T03:35:21.653Z] <<< [apiv2][body] POST https://upload-firebasehosting.googleapis.com/upload/sites/beta-flamingwheelz/versions/ef60ef9874ace664/files/34344c64a22483ee45695f1dc5bc97cc9ceb4df90e8b008767bd96f36c0e68ed [stream]
[debug] [2022-10-26T03:35:21.781Z] <<< [apiv2][status] POST https://upload-firebasehosting.googleapis.com/upload/sites/beta-flamingwheelz/versions/ef60ef9874ace664/files/7223a29950e733e7ccbc5160cf95772baa86b42f7c355db6e8656a599871b35f 200
[debug] [2022-10-26T03:35:21.781Z] <<< [apiv2][body] POST https://upload-firebasehosting.googleapis.com/upload/sites/beta-flamingwheelz/versions/ef60ef9874ace664/files/7223a29950e733e7ccbc5160cf95772baa86b42f7c355db6e8656a599871b35f [stream]
[debug] [2022-10-26T03:35:22.887Z] [uploadQueue] Retrying task b48b1f63f34ad0dac061fbe581032c8e79ab2bad6cf7d17ede49072873f1267f
[debug] [2022-10-26T03:35:22.888Z] >>> [apiv2][query] POST https://upload-firebasehosting.googleapis.com/upload/sites/beta-flamingwheelz/versions/ef60ef9874ace664/files/b48b1f63f34ad0dac061fbe581032c8e79ab2bad6cf7d17ede49072873f1267f [none]
[debug] [2022-10-26T03:35:22.889Z] >>> [apiv2][body] POST https://upload-firebasehosting.googleapis.com/upload/sites/beta-flamingwheelz/versions/ef60ef9874ace664/files/b48b1f63f34ad0dac061fbe581032c8e79ab2bad6cf7d17ede49072873f1267f [stream]
[debug] [2022-10-26T03:35:22.892Z] [uploadQueue] Retrying task 993a2cf5a33f2260a02f6017f25b72ddad6c371d5e41504b0f7be6bdf0a8adac
[debug] [2022-10-26T03:35:22.893Z] >>> [apiv2][query] POST https://upload-firebasehosting.googleapis.com/upload/sites/beta-flamingwheelz/versions/ef60ef9874ace664/files/993a2cf5a33f2260a02f6017f25b72ddad6c371d5e41504b0f7be6bdf0a8adac [none]
[debug] [2022-10-26T03:35:22.893Z] >>> [apiv2][body] POST https://upload-firebasehosting.googleapis.com/upload/sites/beta-flamingwheelz/versions/ef60ef9874ace664/files/993a2cf5a33f2260a02f6017f25b72ddad6c371d5e41504b0f7be6bdf0a8adac [stream]
[debug] [2022-10-26T03:35:22.896Z] [uploadQueue] Retrying task 060a765787293339a57871d91680a49557eeec3fbc5b94301426774c1403cb50
[debug] [2022-10-26T03:35:22.897Z] >>> [apiv2][query] POST https://upload-firebasehosting.googleapis.com/upload/sites/beta-flamingwheelz/versions/ef60ef9874ace664/files/060a765787293339a57871d91680a49557eeec3fbc5b94301426774c1403cb50 [none]
[debug] [2022-10-26T03:35:22.897Z] >>> [apiv2][body] POST https://upload-firebasehosting.googleapis.com/upload/sites/beta-flamingwheelz/versions/ef60ef9874ace664/files/060a765787293339a57871d91680a49557eeec3fbc5b94301426774c1403cb50 [stream]
[debug] [2022-10-26T03:35:22.899Z] [uploadQueue] Retrying task 196b2e07b604d774651854749b1433b956c52b4c6299d5426da9e6af3a4531cd
[debug] [2022-10-26T03:35:22.900Z] >>> [apiv2][query] POST https://upload-firebasehosting.googleapis.com/upload/sites/beta-flamingwheelz/versions/ef60ef9874ace664/files/196b2e07b604d774651854749b1433b956c52b4c6299d5426da9e6af3a4531cd [none]
[debug] [2022-10-26T03:35:22.900Z] >>> [apiv2][body] POST https://upload-firebasehosting.googleapis.com/upload/sites/beta-flamingwheelz/versions/ef60ef9874ace664/files/196b2e07b604d774651854749b1433b956c52b4c6299d5426da9e6af3a4531cd [stream]
[debug] [2022-10-26T03:35:22.902Z] [uploadQueue] Retrying task ab4fa95a248095db9edd857ee5852025cbb0c98c79ddc99621bf504d02c4878c
[debug] [2022-10-26T03:35:22.903Z] >>> [apiv2][query] POST https://upload-firebasehosting.googleapis.com/upload/sites/beta-flamingwheelz/versions/ef60ef9874ace664/files/ab4fa95a248095db9edd857ee5852025cbb0c98c79ddc99621bf504d02c4878c [none]
[debug] [2022-10-26T03:35:22.903Z] >>> [apiv2][body] POST https://upload-firebasehosting.googleapis.com/upload/sites/beta-flamingwheelz/versions/ef60ef9874ace664/files/ab4fa95a248095db9edd857ee5852025cbb0c98c79ddc99621bf504d02c4878c [stream]
[debug] [2022-10-26T03:35:22.905Z] [uploadQueue] Retrying task cc07be748447f487bfbadeaf1afb1d6b6367d895b9c1834f4e4cfacd67a15a00
[debug] [2022-10-26T03:35:22.906Z] >>> [apiv2][query] POST https://upload-firebasehosting.googleapis.com/upload/sites/beta-flamingwheelz/versions/ef60ef9874ace664/files/cc07be748447f487bfbadeaf1afb1d6b6367d895b9c1834f4e4cfacd67a15a00 [none]
[debug] [2022-10-26T03:35:22.906Z] >>> [apiv2][body] POST https://upload-firebasehosting.googleapis.com/upload/sites/beta-flamingwheelz/versions/ef60ef9874ace664/files/cc07be748447f487bfbadeaf1afb1d6b6367d895b9c1834f4e4cfacd67a15a00 [stream]
[debug] [2022-10-26T03:35:22.908Z] [uploadQueue] Retrying task c01bd6005c5cd159c6e8e78e97256cf8c876053b323ca468f69e6a6585eb85a8
[debug] [2022-10-26T03:35:22.909Z] >>> [apiv2][query] POST https://upload-firebasehosting.googleapis.com/upload/sites/beta-flamingwheelz/versions/ef60ef9874ace664/files/c01bd6005c5cd159c6e8e78e97256cf8c876053b323ca468f69e6a6585eb85a8 [none]
[debug] [2022-10-26T03:35:22.909Z] >>> [apiv2][body] POST https://upload-firebasehosting.googleapis.com/upload/sites/beta-flamingwheelz/versions/ef60ef9874ace664/files/c01bd6005c5cd159c6e8e78e97256cf8c876053b323ca468f69e6a6585eb85a8 [stream]
[debug] [2022-10-26T03:35:22.910Z] [uploadQueue] Retrying task cbb794aed1f223c34a65f3efa7afddf101805d9515620e5f726fd20d2bb85894
[debug] [2022-10-26T03:35:22.911Z] >>> [apiv2][query] POST https://upload-firebasehosting.googleapis.com/upload/sites/beta-flamingwheelz/versions/ef60ef9874ace664/files/cbb794aed1f223c34a65f3efa7afddf101805d9515620e5f726fd20d2bb85894 [none]
[debug] [2022-10-26T03:35:22.911Z] >>> [apiv2][body] POST https://upload-firebasehosting.googleapis.com/upload/sites/beta-flamingwheelz/versions/ef60ef9874ace664/files/cbb794aed1f223c34a65f3efa7afddf101805d9515620e5f726fd20d2bb85894 [stream]
[debug] [2022-10-26T03:35:22.913Z] [uploadQueue] Retrying task 7aeadec032fcb244d99033e866b1cabd050e433502110730e0e5424a954071e3
[debug] [2022-10-26T03:35:22.913Z] >>> [apiv2][query] POST https://upload-firebasehosting.googleapis.com/upload/sites/beta-flamingwheelz/versions/ef60ef9874ace664/files/7aeadec032fcb244d99033e866b1cabd050e433502110730e0e5424a954071e3 [none]
[debug] [2022-10-26T03:35:22.913Z] >>> [apiv2][body] POST https://upload-firebasehosting.googleapis.com/upload/sites/beta-flamingwheelz/versions/ef60ef9874ace664/files/7aeadec032fcb244d99033e866b1cabd050e433502110730e0e5424a954071e3 [stream]
[debug] [2022-10-26T03:35:22.915Z] [uploadQueue] Retrying task 19a01bb065963f5fa51ba6aea433917623f01e16c2d95014b93aa391e5597023
[debug] [2022-10-26T03:35:22.916Z] >>> [apiv2][query] POST https://upload-firebasehosting.googleapis.com/upload/sites/beta-flamingwheelz/versions/ef60ef9874ace664/files/19a01bb065963f5fa51ba6aea433917623f01e16c2d95014b93aa391e5597023 [none]
[debug] [2022-10-26T03:35:22.916Z] >>> [apiv2][body] POST https://upload-firebasehosting.googleapis.com/upload/sites/beta-flamingwheelz/versions/ef60ef9874ace664/files/19a01bb065963f5fa51ba6aea433917623f01e16c2d95014b93aa391e5597023 [stream]
[debug] [2022-10-26T03:35:22.918Z] [uploadQueue] Retrying task 5ac28b80844e62b65efc943c23796969d76697abf90734c67b1061f9dac29920
[debug] [2022-10-26T03:35:22.919Z] >>> [apiv2][query] POST https://upload-firebasehosting.googleapis.com/upload/sites/beta-flamingwheelz/versions/ef60ef9874ace664/files/5ac28b80844e62b65efc943c23796969d76697abf90734c67b1061f9dac29920 [none]
[debug] [2022-10-26T03:35:22.921Z] >>> [apiv2][body] POST https://upload-firebasehosting.googleapis.com/upload/sites/beta-flamingwheelz/versions/ef60ef9874ace664/files/5ac28b80844e62b65efc943c23796969d76697abf90734c67b1061f9dac29920 [stream]
[debug] [2022-10-26T03:35:22.923Z] [uploadQueue] Retrying task ecd0715f025c45f1705f170fa3a3fe04dda02b24d968aaa4145a9723bd9897b5
[debug] [2022-10-26T03:35:22.923Z] >>> [apiv2][query] POST https://upload-firebasehosting.googleapis.com/upload/sites/beta-flamingwheelz/versions/ef60ef9874ace664/files/ecd0715f025c45f1705f170fa3a3fe04dda02b24d968aaa4145a9723bd9897b5 [none]
[debug] [2022-10-26T03:35:22.924Z] >>> [apiv2][body] POST https://upload-firebasehosting.googleapis.com/upload/sites/beta-flamingwheelz/versions/ef60ef9874ace664/files/ecd0715f025c45f1705f170fa3a3fe04dda02b24d968aaa4145a9723bd9897b5 [stream]
[debug] [2022-10-26T03:35:22.925Z] [uploadQueue] Retrying task becb383c4d02b9f60d92c57c889cd1d3568f0cbabb5c0ec44858a1230ca68e55
[debug] [2022-10-26T03:35:22.926Z] >>> [apiv2][query] POST https://upload-firebasehosting.googleapis.com/upload/sites/beta-flamingwheelz/versions/ef60ef9874ace664/files/becb383c4d02b9f60d92c57c889cd1d3568f0cbabb5c0ec44858a1230ca68e55 [none]
[debug] [2022-10-26T03:35:22.926Z] >>> [apiv2][body] POST https://upload-firebasehosting.googleapis.com/upload/sites/beta-flamingwheelz/versions/ef60ef9874ace664/files/becb383c4d02b9f60d92c57c889cd1d3568f0cbabb5c0ec44858a1230ca68e55 [stream]
[debug] [2022-10-26T03:35:22.927Z] [uploadQueue] Retrying task f65ffb4f72a68be3b0e0bfa870dc1d2c4eeda48bbb9bcb115c1e56e9e53cace0
[debug] [2022-10-26T03:35:22.928Z] >>> [apiv2][query] POST https://upload-firebasehosting.googleapis.com/upload/sites/beta-flamingwheelz/versions/ef60ef9874ace664/files/f65ffb4f72a68be3b0e0bfa870dc1d2c4eeda48bbb9bcb115c1e56e9e53cace0 [none]
[debug] [2022-10-26T03:35:22.928Z] >>> [apiv2][body] POST https://upload-firebasehosting.googleapis.com/upload/sites/beta-flamingwheelz/versions/ef60ef9874ace664/files/f65ffb4f72a68be3b0e0bfa870dc1d2c4eeda48bbb9bcb115c1e56e9e53cace0 [stream]
[debug] [2022-10-26T03:35:22.929Z] [uploadQueue] Retrying task b49f8be0a93bbc015283147c6f589d1df16f455a8365245fa24a09babaf42f54
[debug] [2022-10-26T03:35:22.930Z] >>> [apiv2][query] POST https://upload-firebasehosting.googleapis.com/upload/sites/beta-flamingwheelz/versions/ef60ef9874ace664/files/b49f8be0a93bbc015283147c6f589d1df16f455a8365245fa24a09babaf42f54 [none]
[debug] [2022-10-26T03:35:22.930Z] >>> [apiv2][body] POST https://upload-firebasehosting.googleapis.com/upload/sites/beta-flamingwheelz/versions/ef60ef9874ace664/files/b49f8be0a93bbc015283147c6f589d1df16f455a8365245fa24a09babaf42f54 [stream]
[debug] [2022-10-26T03:35:22.931Z] [uploadQueue] Retrying task 12c20905f30ee07d7651b3e24436078c24e6ca7460262001a8d58a6a55ac7279
[debug] [2022-10-26T03:35:22.931Z] >>> [apiv2][query] POST https://upload-firebasehosting.googleapis.com/upload/sites/beta-flamingwheelz/versions/ef60ef9874ace664/files/12c20905f30ee07d7651b3e24436078c24e6ca7460262001a8d58a6a55ac7279 [none]
[debug] [2022-10-26T03:35:22.931Z] >>> [apiv2][body] POST https://upload-firebasehosting.googleapis.com/upload/sites/beta-flamingwheelz/versions/ef60ef9874ace664/files/12c20905f30ee07d7651b3e24436078c24e6ca7460262001a8d58a6a55ac7279 [stream]
[debug] [2022-10-26T03:35:34.023Z] [uploadQueue] Retrying task ba70349a05d7eb71da74e217d054e5272f33c50b1758aad9bac01b2ed70dbfca
[debug] [2022-10-26T03:35:34.024Z] >>> [apiv2][query] POST https://upload-firebasehosting.googleapis.com/upload/sites/beta-flamingwheelz/versions/ef60ef9874ace664/files/ba70349a05d7eb71da74e217d054e5272f33c50b1758aad9bac01b2ed70dbfca [none]
[debug] [2022-10-26T03:35:34.025Z] >>> [apiv2][body] POST https://upload-firebasehosting.googleapis.com/upload/sites/beta-flamingwheelz/versions/ef60ef9874ace664/files/ba70349a05d7eb71da74e217d054e5272f33c50b1758aad9bac01b2ed70dbfca [stream]
[debug] [2022-10-26T03:35:34.289Z] [uploadQueue] Retrying task 761b4901fcc3ff804aec9e1cc99ee767f5b0c9f70e859641091e7f3e66ff6e20
[debug] [2022-10-26T03:35:34.290Z] >>> [apiv2][query] POST https://upload-firebasehosting.googleapis.com/upload/sites/beta-flamingwheelz/versions/ef60ef9874ace664/files/761b4901fcc3ff804aec9e1cc99ee767f5b0c9f70e859641091e7f3e66ff6e20 [none]
[debug] [2022-10-26T03:35:34.291Z] >>> [apiv2][body] POST https://upload-firebasehosting.googleapis.com/upload/sites/beta-flamingwheelz/versions/ef60ef9874ace664/files/761b4901fcc3ff804aec9e1cc99ee767f5b0c9f70e859641091e7f3e66ff6e20 [stream]
[debug] [2022-10-26T03:35:43.576Z] [uploadQueue] Retrying task a3bf8ee17f098180f88f283d94a2cd5d75b438f4328e4ff22707a0f13859762e
[debug] [2022-10-26T03:35:43.577Z] >>> [apiv2][query] POST https://upload-firebasehosting.googleapis.com/upload/sites/beta-flamingwheelz/versions/ef60ef9874ace664/files/a3bf8ee17f098180f88f283d94a2cd5d75b438f4328e4ff22707a0f13859762e [none]
[debug] [2022-10-26T03:35:43.578Z] >>> [apiv2][body] POST https://upload-firebasehosting.googleapis.com/upload/sites/beta-flamingwheelz/versions/ef60ef9874ace664/files/a3bf8ee17f098180f88f283d94a2cd5d75b438f4328e4ff22707a0f13859762e [stream]
[debug] [2022-10-26T03:35:50.723Z] <<< [apiv2][status] POST https://upload-firebasehosting.googleapis.com/upload/sites/beta-flamingwheelz/versions/ef60ef9874ace664/files/993a2cf5a33f2260a02f6017f25b72ddad6c371d5e41504b0f7be6bdf0a8adac 200
[debug] [2022-10-26T03:35:50.723Z] <<< [apiv2][body] POST https://upload-firebasehosting.googleapis.com/upload/sites/beta-flamingwheelz/versions/ef60ef9874ace664/files/993a2cf5a33f2260a02f6017f25b72ddad6c371d5e41504b0f7be6bdf0a8adac [stream]
[debug] [2022-10-26T03:35:53.703Z] [uploadQueue] Retrying task b48b1f63f34ad0dac061fbe581032c8e79ab2bad6cf7d17ede49072873f1267f
[debug] [2022-10-26T03:35:53.704Z] >>> [apiv2][query] POST https://upload-firebasehosting.googleapis.com/upload/sites/beta-flamingwheelz/versions/ef60ef9874ace664/files/b48b1f63f34ad0dac061fbe581032c8e79ab2bad6cf7d17ede49072873f1267f [none]
[debug] [2022-10-26T03:35:53.704Z] >>> [apiv2][body] POST https://upload-firebasehosting.googleapis.com/upload/sites/beta-flamingwheelz/versions/ef60ef9874ace664/files/b48b1f63f34ad0dac061fbe581032c8e79ab2bad6cf7d17ede49072873f1267f [stream]
[debug] [2022-10-26T03:35:53.708Z] [uploadQueue] Retrying task 060a765787293339a57871d91680a49557eeec3fbc5b94301426774c1403cb50
[debug] [2022-10-26T03:35:53.710Z] >>> [apiv2][query] POST https://upload-firebasehosting.googleapis.com/upload/sites/beta-flamingwheelz/versions/ef60ef9874ace664/files/060a765787293339a57871d91680a49557eeec3fbc5b94301426774c1403cb50 [none]
[debug] [2022-10-26T03:35:53.711Z] >>> [apiv2][body] POST https://upload-firebasehosting.googleapis.com/upload/sites/beta-flamingwheelz/versions/ef60ef9874ace664/files/060a765787293339a57871d91680a49557eeec3fbc5b94301426774c1403cb50 [stream]
[debug] [2022-10-26T03:35:53.715Z] [uploadQueue] Retrying task 196b2e07b604d774651854749b1433b956c52b4c6299d5426da9e6af3a4531cd
[debug] [2022-10-26T03:35:53.715Z] >>> [apiv2][query] POST https://upload-firebasehosting.googleapis.com/upload/sites/beta-flamingwheelz/versions/ef60ef9874ace664/files/196b2e07b604d774651854749b1433b956c52b4c6299d5426da9e6af3a4531cd [none]
[debug] [2022-10-26T03:35:53.715Z] >>> [apiv2][body] POST https://upload-firebasehosting.googleapis.com/upload/sites/beta-flamingwheelz/versions/ef60ef9874ace664/files/196b2e07b604d774651854749b1433b956c52b4c6299d5426da9e6af3a4531cd [stream]
[debug] [2022-10-26T03:35:53.718Z] [uploadQueue] Retrying task ab4fa95a248095db9edd857ee5852025cbb0c98c79ddc99621bf504d02c4878c
[debug] [2022-10-26T03:35:53.719Z] >>> [apiv2][query] POST https://upload-firebasehosting.googleapis.com/upload/sites/beta-flamingwheelz/versions/ef60ef9874ace664/files/ab4fa95a248095db9edd857ee5852025cbb0c98c79ddc99621bf504d02c4878c [none]
[debug] [2022-10-26T03:35:53.719Z] >>> [apiv2][body] POST https://upload-firebasehosting.googleapis.com/upload/sites/beta-flamingwheelz/versions/ef60ef9874ace664/files/ab4fa95a248095db9edd857ee5852025cbb0c98c79ddc99621bf504d02c4878c [stream]
[debug] [2022-10-26T03:35:53.721Z] [uploadQueue] Retrying task cc07be748447f487bfbadeaf1afb1d6b6367d895b9c1834f4e4cfacd67a15a00
[debug] [2022-10-26T03:35:53.722Z] >>> [apiv2][query] POST https://upload-firebasehosting.googleapis.com/upload/sites/beta-flamingwheelz/versions/ef60ef9874ace664/files/cc07be748447f487bfbadeaf1afb1d6b6367d895b9c1834f4e4cfacd67a15a00 [none]
[debug] [2022-10-26T03:35:53.722Z] >>> [apiv2][body] POST https://upload-firebasehosting.googleapis.com/upload/sites/beta-flamingwheelz/versions/ef60ef9874ace664/files/cc07be748447f487bfbadeaf1afb1d6b6367d895b9c1834f4e4cfacd67a15a00 [stream]
[debug] [2022-10-26T03:35:53.724Z] [uploadQueue] Retrying task c01bd6005c5cd159c6e8e78e97256cf8c876053b323ca468f69e6a6585eb85a8
[debug] [2022-10-26T03:35:53.725Z] >>> [apiv2][query] POST https://upload-firebasehosting.googleapis.com/upload/sites/beta-flamingwheelz/versions/ef60ef9874ace664/files/c01bd6005c5cd159c6e8e78e97256cf8c876053b323ca468f69e6a6585eb85a8 [none]
[debug] [2022-10-26T03:35:53.725Z] >>> [apiv2][body] POST https://upload-firebasehosting.googleapis.com/upload/sites/beta-flamingwheelz/versions/ef60ef9874ace664/files/c01bd6005c5cd159c6e8e78e97256cf8c876053b323ca468f69e6a6585eb85a8 [stream]
[debug] [2022-10-26T03:35:53.727Z] [uploadQueue] Retrying task cbb794aed1f223c34a65f3efa7afddf101805d9515620e5f726fd20d2bb85894
[debug] [2022-10-26T03:35:53.727Z] >>> [apiv2][query] POST https://upload-firebasehosting.googleapis.com/upload/sites/beta-flamingwheelz/versions/ef60ef9874ace664/files/cbb794aed1f223c34a65f3efa7afddf101805d9515620e5f726fd20d2bb85894 [none]
[debug] [2022-10-26T03:35:53.727Z] >>> [apiv2][body] POST https://upload-firebasehosting.googleapis.com/upload/sites/beta-flamingwheelz/versions/ef60ef9874ace664/files/cbb794aed1f223c34a65f3efa7afddf101805d9515620e5f726fd20d2bb85894 [stream]
[debug] [2022-10-26T03:35:53.729Z] [uploadQueue] Retrying task 7aeadec032fcb244d99033e866b1cabd050e433502110730e0e5424a954071e3
[debug] [2022-10-26T03:35:53.730Z] >>> [apiv2][query] POST https://upload-firebasehosting.googleapis.com/upload/sites/beta-flamingwheelz/versions/ef60ef9874ace664/files/7aeadec032fcb244d99033e866b1cabd050e433502110730e0e5424a954071e3 [none]
[debug] [2022-10-26T03:35:53.730Z] >>> [apiv2][body] POST https://upload-firebasehosting.googleapis.com/upload/sites/beta-flamingwheelz/versions/ef60ef9874ace664/files/7aeadec032fcb244d99033e866b1cabd050e433502110730e0e5424a954071e3 [stream]
[debug] [2022-10-26T03:35:53.732Z] [uploadQueue] Retrying task 19a01bb065963f5fa51ba6aea433917623f01e16c2d95014b93aa391e5597023
[debug] [2022-10-26T03:35:53.733Z] >>> [apiv2][query] POST https://upload-firebasehosting.googleapis.com/upload/sites/beta-flamingwheelz/versions/ef60ef9874ace664/files/19a01bb065963f5fa51ba6aea433917623f01e16c2d95014b93aa391e5597023 [none]
[debug] [2022-10-26T03:35:53.734Z] >>> [apiv2][body] POST https://upload-firebasehosting.googleapis.com/upload/sites/beta-flamingwheelz/versions/ef60ef9874ace664/files/19a01bb065963f5fa51ba6aea433917623f01e16c2d95014b93aa391e5597023 [stream]
[debug] [2022-10-26T03:35:53.736Z] [uploadQueue] Retrying task 5ac28b80844e62b65efc943c23796969d76697abf90734c67b1061f9dac29920
[debug] [2022-10-26T03:35:53.737Z] >>> [apiv2][query] POST https://upload-firebasehosting.googleapis.com/upload/sites/beta-flamingwheelz/versions/ef60ef9874ace664/files/5ac28b80844e62b65efc943c23796969d76697abf90734c67b1061f9dac29920 [none]
[debug] [2022-10-26T03:35:53.737Z] >>> [apiv2][body] POST https://upload-firebasehosting.googleapis.com/upload/sites/beta-flamingwheelz/versions/ef60ef9874ace664/files/5ac28b80844e62b65efc943c23796969d76697abf90734c67b1061f9dac29920 [stream]
[debug] [2022-10-26T03:35:53.743Z] [uploadQueue] Retrying task ecd0715f025c45f1705f170fa3a3fe04dda02b24d968aaa4145a9723bd9897b5
[debug] [2022-10-26T03:35:53.743Z] >>> [apiv2][query] POST https://upload-firebasehosting.googleapis.com/upload/sites/beta-flamingwheelz/versions/ef60ef9874ace664/files/ecd0715f025c45f1705f170fa3a3fe04dda02b24d968aaa4145a9723bd9897b5 [none]
[debug] [2022-10-26T03:35:53.744Z] >>> [apiv2][body] POST https://upload-firebasehosting.googleapis.com/upload/sites/beta-flamingwheelz/versions/ef60ef9874ace664/files/ecd0715f025c45f1705f170fa3a3fe04dda02b24d968aaa4145a9723bd9897b5 [stream]
[debug] [2022-10-26T03:35:53.746Z] [uploadQueue] Retrying task becb383c4d02b9f60d92c57c889cd1d3568f0cbabb5c0ec44858a1230ca68e55
[debug] [2022-10-26T03:35:53.746Z] >>> [apiv2][query] POST https://upload-firebasehosting.googleapis.com/upload/sites/beta-flamingwheelz/versions/ef60ef9874ace664/files/becb383c4d02b9f60d92c57c889cd1d3568f0cbabb5c0ec44858a1230ca68e55 [none]
[debug] [2022-10-26T03:35:53.747Z] >>> [apiv2][body] POST https://upload-firebasehosting.googleapis.com/upload/sites/beta-flamingwheelz/versions/ef60ef9874ace664/files/becb383c4d02b9f60d92c57c889cd1d3568f0cbabb5c0ec44858a1230ca68e55 [stream]
[debug] [2022-10-26T03:35:53.749Z] [uploadQueue] Retrying task f65ffb4f72a68be3b0e0bfa870dc1d2c4eeda48bbb9bcb115c1e56e9e53cace0
[debug] [2022-10-26T03:35:53.750Z] >>> [apiv2][query] POST https://upload-firebasehosting.googleapis.com/upload/sites/beta-flamingwheelz/versions/ef60ef9874ace664/files/f65ffb4f72a68be3b0e0bfa870dc1d2c4eeda48bbb9bcb115c1e56e9e53cace0 [none]
[debug] [2022-10-26T03:35:53.750Z] >>> [apiv2][body] POST https://upload-firebasehosting.googleapis.com/upload/sites/beta-flamingwheelz/versions/ef60ef9874ace664/files/f65ffb4f72a68be3b0e0bfa870dc1d2c4eeda48bbb9bcb115c1e56e9e53cace0 [stream]
[debug] [2022-10-26T03:35:53.754Z] [uploadQueue] Retrying task b49f8be0a93bbc015283147c6f589d1df16f455a8365245fa24a09babaf42f54
[debug] [2022-10-26T03:35:53.755Z] >>> [apiv2][query] POST https://upload-firebasehosting.googleapis.com/upload/sites/beta-flamingwheelz/versions/ef60ef9874ace664/files/b49f8be0a93bbc015283147c6f589d1df16f455a8365245fa24a09babaf42f54 [none]
[debug] [2022-10-26T03:35:53.755Z] >>> [apiv2][body] POST https://upload-firebasehosting.googleapis.com/upload/sites/beta-flamingwheelz/versions/ef60ef9874ace664/files/b49f8be0a93bbc015283147c6f589d1df16f455a8365245fa24a09babaf42f54 [stream]
[debug] [2022-10-26T03:35:53.757Z] [uploadQueue] Retrying task 12c20905f30ee07d7651b3e24436078c24e6ca7460262001a8d58a6a55ac7279
[debug] [2022-10-26T03:35:53.758Z] >>> [apiv2][query] POST https://upload-firebasehosting.googleapis.com/upload/sites/beta-flamingwheelz/versions/ef60ef9874ace664/files/12c20905f30ee07d7651b3e24436078c24e6ca7460262001a8d58a6a55ac7279 [none]
[debug] [2022-10-26T03:35:53.758Z] >>> [apiv2][body] POST https://upload-firebasehosting.googleapis.com/upload/sites/beta-flamingwheelz/versions/ef60ef9874ace664/files/12c20905f30ee07d7651b3e24436078c24e6ca7460262001a8d58a6a55ac7279 [stream]
[debug] [2022-10-26T03:36:05.633Z] [uploadQueue] Retrying task ba70349a05d7eb71da74e217d054e5272f33c50b1758aad9bac01b2ed70dbfca
[debug] [2022-10-26T03:36:05.635Z] >>> [apiv2][query] POST https://upload-firebasehosting.googleapis.com/upload/sites/beta-flamingwheelz/versions/ef60ef9874ace664/files/ba70349a05d7eb71da74e217d054e5272f33c50b1758aad9bac01b2ed70dbfca [none]
[debug] [2022-10-26T03:36:05.635Z] >>> [apiv2][body] POST https://upload-firebasehosting.googleapis.com/upload/sites/beta-flamingwheelz/versions/ef60ef9874ace664/files/ba70349a05d7eb71da74e217d054e5272f33c50b1758aad9bac01b2ed70dbfca [stream]
[debug] [2022-10-26T03:36:05.900Z] [uploadQueue] Retrying task 761b4901fcc3ff804aec9e1cc99ee767f5b0c9f70e859641091e7f3e66ff6e20
[debug] [2022-10-26T03:36:05.901Z] >>> [apiv2][query] POST https://upload-firebasehosting.googleapis.com/upload/sites/beta-flamingwheelz/versions/ef60ef9874ace664/files/761b4901fcc3ff804aec9e1cc99ee767f5b0c9f70e859641091e7f3e66ff6e20 [none]
[debug] [2022-10-26T03:36:05.901Z] >>> [apiv2][body] POST https://upload-firebasehosting.googleapis.com/upload/sites/beta-flamingwheelz/versions/ef60ef9874ace664/files/761b4901fcc3ff804aec9e1cc99ee767f5b0c9f70e859641091e7f3e66ff6e20 [stream]
[debug] [2022-10-26T03:36:06.647Z] [uploadQueue] Retrying task becb383c4d02b9f60d92c57c889cd1d3568f0cbabb5c0ec44858a1230ca68e55
[debug] [2022-10-26T03:36:06.648Z] >>> [apiv2][query] POST https://upload-firebasehosting.googleapis.com/upload/sites/beta-flamingwheelz/versions/ef60ef9874ace664/files/becb383c4d02b9f60d92c57c889cd1d3568f0cbabb5c0ec44858a1230ca68e55 [none]
[debug] [2022-10-26T03:36:06.648Z] >>> [apiv2][body] POST https://upload-firebasehosting.googleapis.com/upload/sites/beta-flamingwheelz/versions/ef60ef9874ace664/files/becb383c4d02b9f60d92c57c889cd1d3568f0cbabb5c0ec44858a1230ca68e55 [stream]
[debug] [2022-10-26T03:36:25.313Z] [uploadQueue] Retrying task b48b1f63f34ad0dac061fbe581032c8e79ab2bad6cf7d17ede49072873f1267f
[debug] [2022-10-26T03:36:25.314Z] >>> [apiv2][query] POST https://upload-firebasehosting.googleapis.com/upload/sites/beta-flamingwheelz/versions/ef60ef9874ace664/files/b48b1f63f34ad0dac061fbe581032c8e79ab2bad6cf7d17ede49072873f1267f [none]
[debug] [2022-10-26T03:36:25.314Z] >>> [apiv2][body] POST https://upload-firebasehosting.googleapis.com/upload/sites/beta-flamingwheelz/versions/ef60ef9874ace664/files/b48b1f63f34ad0dac061fbe581032c8e79ab2bad6cf7d17ede49072873f1267f [stream]
[debug] [2022-10-26T03:36:25.320Z] [uploadQueue] Retrying task 060a765787293339a57871d91680a49557eeec3fbc5b94301426774c1403cb50
[debug] [2022-10-26T03:36:25.321Z] >>> [apiv2][query] POST https://upload-firebasehosting.googleapis.com/upload/sites/beta-flamingwheelz/versions/ef60ef9874ace664/files/060a765787293339a57871d91680a49557eeec3fbc5b94301426774c1403cb50 [none]
[debug] [2022-10-26T03:36:25.321Z] >>> [apiv2][body] POST https://upload-firebasehosting.googleapis.com/upload/sites/beta-flamingwheelz/versions/ef60ef9874ace664/files/060a765787293339a57871d91680a49557eeec3fbc5b94301426774c1403cb50 [stream]
[debug] [2022-10-26T03:36:25.324Z] [uploadQueue] Retrying task 196b2e07b604d774651854749b1433b956c52b4c6299d5426da9e6af3a4531cd
[debug] [2022-10-26T03:36:25.325Z] >>> [apiv2][query] POST https://upload-firebasehosting.googleapis.com/upload/sites/beta-flamingwheelz/versions/ef60ef9874ace664/files/196b2e07b604d774651854749b1433b956c52b4c6299d5426da9e6af3a4531cd [none]
[debug] [2022-10-26T03:36:25.325Z] >>> [apiv2][body] POST https://upload-firebasehosting.googleapis.com/upload/sites/beta-flamingwheelz/versions/ef60ef9874ace664/files/196b2e07b604d774651854749b1433b956c52b4c6299d5426da9e6af3a4531cd [stream]
[debug] [2022-10-26T03:36:25.329Z] [uploadQueue] Retrying task ab4fa95a248095db9edd857ee5852025cbb0c98c79ddc99621bf504d02c4878c
[debug] [2022-10-26T03:36:25.330Z] >>> [apiv2][query] POST https://upload-firebasehosting.googleapis.com/upload/sites/beta-flamingwheelz/versions/ef60ef9874ace664/files/ab4fa95a248095db9edd857ee5852025cbb0c98c79ddc99621bf504d02c4878c [none]
[debug] [2022-10-26T03:36:25.330Z] >>> [apiv2][body] POST https://upload-firebasehosting.googleapis.com/upload/sites/beta-flamingwheelz/versions/ef60ef9874ace664/files/ab4fa95a248095db9edd857ee5852025cbb0c98c79ddc99621bf504d02c4878c [stream]
[debug] [2022-10-26T03:36:25.332Z] [uploadQueue] Retrying task cc07be748447f487bfbadeaf1afb1d6b6367d895b9c1834f4e4cfacd67a15a00
[debug] [2022-10-26T03:36:25.333Z] >>> [apiv2][query] POST https://upload-firebasehosting.googleapis.com/upload/sites/beta-flamingwheelz/versions/ef60ef9874ace664/files/cc07be748447f487bfbadeaf1afb1d6b6367d895b9c1834f4e4cfacd67a15a00 [none]
[debug] [2022-10-26T03:36:25.333Z] >>> [apiv2][body] POST https://upload-firebasehosting.googleapis.com/upload/sites/beta-flamingwheelz/versions/ef60ef9874ace664/files/cc07be748447f487bfbadeaf1afb1d6b6367d895b9c1834f4e4cfacd67a15a00 [stream]
[debug] [2022-10-26T03:36:25.335Z] [uploadQueue] Retrying task c01bd6005c5cd159c6e8e78e97256cf8c876053b323ca468f69e6a6585eb85a8
[debug] [2022-10-26T03:36:25.336Z] >>> [apiv2][query] POST https://upload-firebasehosting.googleapis.com/upload/sites/beta-flamingwheelz/versions/ef60ef9874ace664/files/c01bd6005c5cd159c6e8e78e97256cf8c876053b323ca468f69e6a6585eb85a8 [none]
[debug] [2022-10-26T03:36:25.336Z] >>> [apiv2][body] POST https://upload-firebasehosting.googleapis.com/upload/sites/beta-flamingwheelz/versions/ef60ef9874ace664/files/c01bd6005c5cd159c6e8e78e97256cf8c876053b323ca468f69e6a6585eb85a8 [stream]
[debug] [2022-10-26T03:36:25.338Z] [uploadQueue] Retrying task cbb794aed1f223c34a65f3efa7afddf101805d9515620e5f726fd20d2bb85894
[debug] [2022-10-26T03:36:25.338Z] >>> [apiv2][query] POST https://upload-firebasehosting.googleapis.com/upload/sites/beta-flamingwheelz/versions/ef60ef9874ace664/files/cbb794aed1f223c34a65f3efa7afddf101805d9515620e5f726fd20d2bb85894 [none]
[debug] [2022-10-26T03:36:25.338Z] >>> [apiv2][body] POST https://upload-firebasehosting.googleapis.com/upload/sites/beta-flamingwheelz/versions/ef60ef9874ace664/files/cbb794aed1f223c34a65f3efa7afddf101805d9515620e5f726fd20d2bb85894 [stream]
[debug] [2022-10-26T03:36:25.340Z] [uploadQueue] Retrying task 7aeadec032fcb244d99033e866b1cabd050e433502110730e0e5424a954071e3
[debug] [2022-10-26T03:36:25.340Z] >>> [apiv2][query] POST https://upload-firebasehosting.googleapis.com/upload/sites/beta-flamingwheelz/versions/ef60ef9874ace664/files/7aeadec032fcb244d99033e866b1cabd050e433502110730e0e5424a954071e3 [none]
[debug] [2022-10-26T03:36:25.341Z] >>> [apiv2][body] POST https://upload-firebasehosting.googleapis.com/upload/sites/beta-flamingwheelz/versions/ef60ef9874ace664/files/7aeadec032fcb244d99033e866b1cabd050e433502110730e0e5424a954071e3 [stream]
[debug] [2022-10-26T03:36:25.342Z] [uploadQueue] Retrying task 19a01bb065963f5fa51ba6aea433917623f01e16c2d95014b93aa391e5597023
[debug] [2022-10-26T03:36:25.343Z] >>> [apiv2][query] POST https://upload-firebasehosting.googleapis.com/upload/sites/beta-flamingwheelz/versions/ef60ef9874ace664/files/19a01bb065963f5fa51ba6aea433917623f01e16c2d95014b93aa391e5597023 [none]
[debug] [2022-10-26T03:36:25.343Z] >>> [apiv2][body] POST https://upload-firebasehosting.googleapis.com/upload/sites/beta-flamingwheelz/versions/ef60ef9874ace664/files/19a01bb065963f5fa51ba6aea433917623f01e16c2d95014b93aa391e5597023 [stream]
[debug] [2022-10-26T03:36:25.344Z] [uploadQueue] Retrying task 5ac28b80844e62b65efc943c23796969d76697abf90734c67b1061f9dac29920
[debug] [2022-10-26T03:36:25.345Z] >>> [apiv2][query] POST https://upload-firebasehosting.googleapis.com/upload/sites/beta-flamingwheelz/versions/ef60ef9874ace664/files/5ac28b80844e62b65efc943c23796969d76697abf90734c67b1061f9dac29920 [none]
[debug] [2022-10-26T03:36:25.345Z] >>> [apiv2][body] POST https://upload-firebasehosting.googleapis.com/upload/sites/beta-flamingwheelz/versions/ef60ef9874ace664/files/5ac28b80844e62b65efc943c23796969d76697abf90734c67b1061f9dac29920 [stream]
[debug] [2022-10-26T03:36:25.351Z] [uploadQueue] Retrying task ecd0715f025c45f1705f170fa3a3fe04dda02b24d968aaa4145a9723bd9897b5
[debug] [2022-10-26T03:36:25.352Z] >>> [apiv2][query] POST https://upload-firebasehosting.googleapis.com/upload/sites/beta-flamingwheelz/versions/ef60ef9874ace664/files/ecd0715f025c45f1705f170fa3a3fe04dda02b24d968aaa4145a9723bd9897b5 [none]
[debug] [2022-10-26T03:36:25.352Z] >>> [apiv2][body] POST https://upload-firebasehosting.googleapis.com/upload/sites/beta-flamingwheelz/versions/ef60ef9874ace664/files/ecd0715f025c45f1705f170fa3a3fe04dda02b24d968aaa4145a9723bd9897b5 [stream]
[debug] [2022-10-26T03:36:25.354Z] [uploadQueue] Retrying task f65ffb4f72a68be3b0e0bfa870dc1d2c4eeda48bbb9bcb115c1e56e9e53cace0
[debug] [2022-10-26T03:36:25.354Z] >>> [apiv2][query] POST https://upload-firebasehosting.googleapis.com/upload/sites/beta-flamingwheelz/versions/ef60ef9874ace664/files/f65ffb4f72a68be3b0e0bfa870dc1d2c4eeda48bbb9bcb115c1e56e9e53cace0 [none]
[debug] [2022-10-26T03:36:25.354Z] >>> [apiv2][body] POST https://upload-firebasehosting.googleapis.com/upload/sites/beta-flamingwheelz/versions/ef60ef9874ace664/files/f65ffb4f72a68be3b0e0bfa870dc1d2c4eeda48bbb9bcb115c1e56e9e53cace0 [stream]
[debug] [2022-10-26T03:36:25.355Z] [uploadQueue] Retrying task b49f8be0a93bbc015283147c6f589d1df16f455a8365245fa24a09babaf42f54
[debug] [2022-10-26T03:36:25.355Z] >>> [apiv2][query] POST https://upload-firebasehosting.googleapis.com/upload/sites/beta-flamingwheelz/versions/ef60ef9874ace664/files/b49f8be0a93bbc015283147c6f589d1df16f455a8365245fa24a09babaf42f54 [none]
[debug] [2022-10-26T03:36:25.356Z] >>> [apiv2][body] POST https://upload-firebasehosting.googleapis.com/upload/sites/beta-flamingwheelz/versions/ef60ef9874ace664/files/b49f8be0a93bbc015283147c6f589d1df16f455a8365245fa24a09babaf42f54 [stream]
[debug] [2022-10-26T03:36:25.368Z] [uploadQueue] Retrying task 12c20905f30ee07d7651b3e24436078c24e6ca7460262001a8d58a6a55ac7279
[debug] [2022-10-26T03:36:25.369Z] >>> [apiv2][query] POST https://upload-firebasehosting.googleapis.com/upload/sites/beta-flamingwheelz/versions/ef60ef9874ace664/files/12c20905f30ee07d7651b3e24436078c24e6ca7460262001a8d58a6a55ac7279 [none]
[debug] [2022-10-26T03:36:25.370Z] >>> [apiv2][body] POST https://upload-firebasehosting.googleapis.com/upload/sites/beta-flamingwheelz/versions/ef60ef9874ace664/files/12c20905f30ee07d7651b3e24436078c24e6ca7460262001a8d58a6a55ac7279 [stream]
[debug] [2022-10-26T03:36:35.071Z] [uploadQueue] Retrying task a3bf8ee17f098180f88f283d94a2cd5d75b438f4328e4ff22707a0f13859762e
[debug] [2022-10-26T03:36:35.073Z] >>> [apiv2][query] POST https://upload-firebasehosting.googleapis.com/upload/sites/beta-flamingwheelz/versions/ef60ef9874ace664/files/a3bf8ee17f098180f88f283d94a2cd5d75b438f4328e4ff22707a0f13859762e [none]
[debug] [2022-10-26T03:36:35.073Z] >>> [apiv2][body] POST https://upload-firebasehosting.googleapis.com/upload/sites/beta-flamingwheelz/versions/ef60ef9874ace664/files/a3bf8ee17f098180f88f283d94a2cd5d75b438f4328e4ff22707a0f13859762e [stream]
[debug] [2022-10-26T03:36:38.848Z] [uploadQueue] Retrying task ba70349a05d7eb71da74e217d054e5272f33c50b1758aad9bac01b2ed70dbfca
[debug] [2022-10-26T03:36:38.849Z] >>> [apiv2][query] POST https://upload-firebasehosting.googleapis.com/upload/sites/beta-flamingwheelz/versions/ef60ef9874ace664/files/ba70349a05d7eb71da74e217d054e5272f33c50b1758aad9bac01b2ed70dbfca [none]
[debug] [2022-10-26T03:36:38.849Z] >>> [apiv2][body] POST https://upload-firebasehosting.googleapis.com/upload/sites/beta-flamingwheelz/versions/ef60ef9874ace664/files/ba70349a05d7eb71da74e217d054e5272f33c50b1758aad9bac01b2ed70dbfca [stream]
[debug] [2022-10-26T03:36:39.107Z] [uploadQueue] Retrying task 761b4901fcc3ff804aec9e1cc99ee767f5b0c9f70e859641091e7f3e66ff6e20
[debug] [2022-10-26T03:36:39.108Z] >>> [apiv2][query] POST https://upload-firebasehosting.googleapis.com/upload/sites/beta-flamingwheelz/versions/ef60ef9874ace664/files/761b4901fcc3ff804aec9e1cc99ee767f5b0c9f70e859641091e7f3e66ff6e20 [none]
[debug] [2022-10-26T03:36:39.108Z] >>> [apiv2][body] POST https://upload-firebasehosting.googleapis.com/upload/sites/beta-flamingwheelz/versions/ef60ef9874ace664/files/761b4901fcc3ff804aec9e1cc99ee767f5b0c9f70e859641091e7f3e66ff6e20 [stream]
[debug] [2022-10-26T03:36:39.873Z] [uploadQueue] Retrying task becb383c4d02b9f60d92c57c889cd1d3568f0cbabb5c0ec44858a1230ca68e55
[debug] [2022-10-26T03:36:39.874Z] >>> [apiv2][query] POST https://upload-firebasehosting.googleapis.com/upload/sites/beta-flamingwheelz/versions/ef60ef9874ace664/files/becb383c4d02b9f60d92c57c889cd1d3568f0cbabb5c0ec44858a1230ca68e55 [none]
[debug] [2022-10-26T03:36:39.874Z] >>> [apiv2][body] POST https://upload-firebasehosting.googleapis.com/upload/sites/beta-flamingwheelz/versions/ef60ef9874ace664/files/becb383c4d02b9f60d92c57c889cd1d3568f0cbabb5c0ec44858a1230ca68e55 [stream]
[debug] [2022-10-26T03:36:40.193Z] [uploadQueue] Retrying task c01bd6005c5cd159c6e8e78e97256cf8c876053b323ca468f69e6a6585eb85a8
[debug] [2022-10-26T03:36:40.194Z] >>> [apiv2][query] POST https://upload-firebasehosting.googleapis.com/upload/sites/beta-flamingwheelz/versions/ef60ef9874ace664/files/c01bd6005c5cd159c6e8e78e97256cf8c876053b323ca468f69e6a6585eb85a8 [none]
[debug] [2022-10-26T03:36:40.194Z] >>> [apiv2][body] POST https://upload-firebasehosting.googleapis.com/upload/sites/beta-flamingwheelz/versions/ef60ef9874ace664/files/c01bd6005c5cd159c6e8e78e97256cf8c876053b323ca468f69e6a6585eb85a8 [stream]
[debug] [2022-10-26T03:36:40.196Z] [uploadQueue] Retrying task 7aeadec032fcb244d99033e866b1cabd050e433502110730e0e5424a954071e3
[debug] [2022-10-26T03:36:40.196Z] >>> [apiv2][query] POST https://upload-firebasehosting.googleapis.com/upload/sites/beta-flamingwheelz/versions/ef60ef9874ace664/files/7aeadec032fcb244d99033e866b1cabd050e433502110730e0e5424a954071e3 [none]
[debug] [2022-10-26T03:36:40.196Z] >>> [apiv2][body] POST https://upload-firebasehosting.googleapis.com/upload/sites/beta-flamingwheelz/versions/ef60ef9874ace664/files/7aeadec032fcb244d99033e866b1cabd050e433502110730e0e5424a954071e3 [stream]
[debug] [2022-10-26T03:36:40.202Z] [uploadQueue] Retrying task ecd0715f025c45f1705f170fa3a3fe04dda02b24d968aaa4145a9723bd9897b5
[debug] [2022-10-26T03:36:40.203Z] >>> [apiv2][query] POST https://upload-firebasehosting.googleapis.com/upload/sites/beta-flamingwheelz/versions/ef60ef9874ace664/files/ecd0715f025c45f1705f170fa3a3fe04dda02b24d968aaa4145a9723bd9897b5 [none]
[debug] [2022-10-26T03:36:40.203Z] >>> [apiv2][body] POST https://upload-firebasehosting.googleapis.com/upload/sites/beta-flamingwheelz/versions/ef60ef9874ace664/files/ecd0715f025c45f1705f170fa3a3fe04dda02b24d968aaa4145a9723bd9897b5 [stream]
[debug] [2022-10-26T03:36:40.205Z] [uploadQueue] Retrying task f65ffb4f72a68be3b0e0bfa870dc1d2c4eeda48bbb9bcb115c1e56e9e53cace0
[debug] [2022-10-26T03:36:40.206Z] >>> [apiv2][query] POST https://upload-firebasehosting.googleapis.com/upload/sites/beta-flamingwheelz/versions/ef60ef9874ace664/files/f65ffb4f72a68be3b0e0bfa870dc1d2c4eeda48bbb9bcb115c1e56e9e53cace0 [none]
[debug] [2022-10-26T03:36:40.206Z] >>> [apiv2][body] POST https://upload-firebasehosting.googleapis.com/upload/sites/beta-flamingwheelz/versions/ef60ef9874ace664/files/f65ffb4f72a68be3b0e0bfa870dc1d2c4eeda48bbb9bcb115c1e56e9e53cace0 [stream]
[debug] [2022-10-26T03:36:40.208Z] [uploadQueue] Retrying task 19a01bb065963f5fa51ba6aea433917623f01e16c2d95014b93aa391e5597023
[debug] [2022-10-26T03:36:40.208Z] >>> [apiv2][query] POST https://upload-firebasehosting.googleapis.com/upload/sites/beta-flamingwheelz/versions/ef60ef9874ace664/files/19a01bb065963f5fa51ba6aea433917623f01e16c2d95014b93aa391e5597023 [none]
[debug] [2022-10-26T03:36:40.209Z] >>> [apiv2][body] POST https://upload-firebasehosting.googleapis.com/upload/sites/beta-flamingwheelz/versions/ef60ef9874ace664/files/19a01bb065963f5fa51ba6aea433917623f01e16c2d95014b93aa391e5597023 [stream]
[debug] [2022-10-26T03:36:40.210Z] [uploadQueue] Retrying task b49f8be0a93bbc015283147c6f589d1df16f455a8365245fa24a09babaf42f54
[debug] [2022-10-26T03:36:40.211Z] >>> [apiv2][query] POST https://upload-firebasehosting.googleapis.com/upload/sites/beta-flamingwheelz/versions/ef60ef9874ace664/files/b49f8be0a93bbc015283147c6f589d1df16f455a8365245fa24a09babaf42f54 [none]
[debug] [2022-10-26T03:36:40.211Z] >>> [apiv2][body] POST https://upload-firebasehosting.googleapis.com/upload/sites/beta-flamingwheelz/versions/ef60ef9874ace664/files/b49f8be0a93bbc015283147c6f589d1df16f455a8365245fa24a09babaf42f54 [stream]
[debug] [2022-10-26T03:36:40.212Z] [uploadQueue] Retrying task 5ac28b80844e62b65efc943c23796969d76697abf90734c67b1061f9dac29920
[debug] [2022-10-26T03:36:40.213Z] >>> [apiv2][query] POST https://upload-firebasehosting.googleapis.com/upload/sites/beta-flamingwheelz/versions/ef60ef9874ace664/files/5ac28b80844e62b65efc943c23796969d76697abf90734c67b1061f9dac29920 [none]
[debug] [2022-10-26T03:36:40.213Z] >>> [apiv2][body] POST https://upload-firebasehosting.googleapis.com/upload/sites/beta-flamingwheelz/versions/ef60ef9874ace664/files/5ac28b80844e62b65efc943c23796969d76697abf90734c67b1061f9dac29920 [stream]
[debug] [2022-10-26T03:36:49.208Z] <<< [apiv2][status] POST https://upload-firebasehosting.googleapis.com/upload/sites/beta-flamingwheelz/versions/ef60ef9874ace664/files/b48b1f63f34ad0dac061fbe581032c8e79ab2bad6cf7d17ede49072873f1267f 200
[debug] [2022-10-26T03:36:49.209Z] <<< [apiv2][body] POST https://upload-firebasehosting.googleapis.com/upload/sites/beta-flamingwheelz/versions/ef60ef9874ace664/files/b48b1f63f34ad0dac061fbe581032c8e79ab2bad6cf7d17ede49072873f1267f [stream]
[debug] [2022-10-26T03:36:49.287Z] [uploadQueue] Retrying task a3bf8ee17f098180f88f283d94a2cd5d75b438f4328e4ff22707a0f13859762e
[debug] [2022-10-26T03:36:49.288Z] >>> [apiv2][query] POST https://upload-firebasehosting.googleapis.com/upload/sites/beta-flamingwheelz/versions/ef60ef9874ace664/files/a3bf8ee17f098180f88f283d94a2cd5d75b438f4328e4ff22707a0f13859762e [none]
[debug] [2022-10-26T03:36:49.288Z] >>> [apiv2][body] POST https://upload-firebasehosting.googleapis.com/upload/sites/beta-flamingwheelz/versions/ef60ef9874ace664/files/a3bf8ee17f098180f88f283d94a2cd5d75b438f4328e4ff22707a0f13859762e [stream]
[debug] [2022-10-26T03:36:58.535Z] [uploadQueue] Retrying task 060a765787293339a57871d91680a49557eeec3fbc5b94301426774c1403cb50
[debug] [2022-10-26T03:36:58.537Z] >>> [apiv2][query] POST https://upload-firebasehosting.googleapis.com/upload/sites/beta-flamingwheelz/versions/ef60ef9874ace664/files/060a765787293339a57871d91680a49557eeec3fbc5b94301426774c1403cb50 [none]
[debug] [2022-10-26T03:36:58.537Z] >>> [apiv2][body] POST https://upload-firebasehosting.googleapis.com/upload/sites/beta-flamingwheelz/versions/ef60ef9874ace664/files/060a765787293339a57871d91680a49557eeec3fbc5b94301426774c1403cb50 [stream]
[debug] [2022-10-26T03:36:58.540Z] [uploadQueue] Retrying task 196b2e07b604d774651854749b1433b956c52b4c6299d5426da9e6af3a4531cd
[debug] [2022-10-26T03:36:58.541Z] >>> [apiv2][query] POST https://upload-firebasehosting.googleapis.com/upload/sites/beta-flamingwheelz/versions/ef60ef9874ace664/files/196b2e07b604d774651854749b1433b956c52b4c6299d5426da9e6af3a4531cd [none]
[debug] [2022-10-26T03:36:58.541Z] >>> [apiv2][body] POST https://upload-firebasehosting.googleapis.com/upload/sites/beta-flamingwheelz/versions/ef60ef9874ace664/files/196b2e07b604d774651854749b1433b956c52b4c6299d5426da9e6af3a4531cd [stream]
[debug] [2022-10-26T03:36:58.543Z] [uploadQueue] Retrying task ab4fa95a248095db9edd857ee5852025cbb0c98c79ddc99621bf504d02c4878c
[debug] [2022-10-26T03:36:58.544Z] >>> [apiv2][query] POST https://upload-firebasehosting.googleapis.com/upload/sites/beta-flamingwheelz/versions/ef60ef9874ace664/files/ab4fa95a248095db9edd857ee5852025cbb0c98c79ddc99621bf504d02c4878c [none]
[debug] [2022-10-26T03:36:58.544Z] >>> [apiv2][body] POST https://upload-firebasehosting.googleapis.com/upload/sites/beta-flamingwheelz/versions/ef60ef9874ace664/files/ab4fa95a248095db9edd857ee5852025cbb0c98c79ddc99621bf504d02c4878c [stream]
[debug] [2022-10-26T03:36:58.545Z] [uploadQueue] Retrying task cc07be748447f487bfbadeaf1afb1d6b6367d895b9c1834f4e4cfacd67a15a00
[debug] [2022-10-26T03:36:58.546Z] >>> [apiv2][query] POST https://upload-firebasehosting.googleapis.com/upload/sites/beta-flamingwheelz/versions/ef60ef9874ace664/files/cc07be748447f487bfbadeaf1afb1d6b6367d895b9c1834f4e4cfacd67a15a00 [none]
[debug] [2022-10-26T03:36:58.546Z] >>> [apiv2][body] POST https://upload-firebasehosting.googleapis.com/upload/sites/beta-flamingwheelz/versions/ef60ef9874ace664/files/cc07be748447f487bfbadeaf1afb1d6b6367d895b9c1834f4e4cfacd67a15a00 [stream]
[debug] [2022-10-26T03:36:58.548Z] [uploadQueue] Retrying task cbb794aed1f223c34a65f3efa7afddf101805d9515620e5f726fd20d2bb85894
[debug] [2022-10-26T03:36:58.549Z] >>> [apiv2][query] POST https://upload-firebasehosting.googleapis.com/upload/sites/beta-flamingwheelz/versions/ef60ef9874ace664/files/cbb794aed1f223c34a65f3efa7afddf101805d9515620e5f726fd20d2bb85894 [none]
[debug] [2022-10-26T03:36:58.549Z] >>> [apiv2][body] POST https://upload-firebasehosting.googleapis.com/upload/sites/beta-flamingwheelz/versions/ef60ef9874ace664/files/cbb794aed1f223c34a65f3efa7afddf101805d9515620e5f726fd20d2bb85894 [stream]
[debug] [2022-10-26T03:36:58.598Z] [uploadQueue] Retrying task 12c20905f30ee07d7651b3e24436078c24e6ca7460262001a8d58a6a55ac7279
[debug] [2022-10-26T03:36:58.599Z] >>> [apiv2][query] POST https://upload-firebasehosting.googleapis.com/upload/sites/beta-flamingwheelz/versions/ef60ef9874ace664/files/12c20905f30ee07d7651b3e24436078c24e6ca7460262001a8d58a6a55ac7279 [none]
[debug] [2022-10-26T03:36:58.599Z] >>> [apiv2][body] POST https://upload-firebasehosting.googleapis.com/upload/sites/beta-flamingwheelz/versions/ef60ef9874ace664/files/12c20905f30ee07d7651b3e24436078c24e6ca7460262001a8d58a6a55ac7279 [stream]
[debug] [2022-10-26T03:37:01.161Z] [uploadQueue] Retrying task ecd0715f025c45f1705f170fa3a3fe04dda02b24d968aaa4145a9723bd9897b5
[debug] [2022-10-26T03:37:01.161Z] >>> [apiv2][query] POST https://upload-firebasehosting.googleapis.com/upload/sites/beta-flamingwheelz/versions/ef60ef9874ace664/files/ecd0715f025c45f1705f170fa3a3fe04dda02b24d968aaa4145a9723bd9897b5 [none]
[debug] [2022-10-26T03:37:01.162Z] >>> [apiv2][body] POST https://upload-firebasehosting.googleapis.com/upload/sites/beta-flamingwheelz/versions/ef60ef9874ace664/files/ecd0715f025c45f1705f170fa3a3fe04dda02b24d968aaa4145a9723bd9897b5 [stream]
[debug] [2022-10-26T03:37:15.262Z] [uploadQueue] Retrying task ba70349a05d7eb71da74e217d054e5272f33c50b1758aad9bac01b2ed70dbfca
[debug] [2022-10-26T03:37:15.263Z] >>> [apiv2][query] POST https://upload-firebasehosting.googleapis.com/upload/sites/beta-flamingwheelz/versions/ef60ef9874ace664/files/ba70349a05d7eb71da74e217d054e5272f33c50b1758aad9bac01b2ed70dbfca [none]
[debug] [2022-10-26T03:37:15.263Z] >>> [apiv2][body] POST https://upload-firebasehosting.googleapis.com/upload/sites/beta-flamingwheelz/versions/ef60ef9874ace664/files/ba70349a05d7eb71da74e217d054e5272f33c50b1758aad9bac01b2ed70dbfca [stream]
[debug] [2022-10-26T03:37:15.520Z] [uploadQueue] Retrying task 761b4901fcc3ff804aec9e1cc99ee767f5b0c9f70e859641091e7f3e66ff6e20
[debug] [2022-10-26T03:37:15.521Z] >>> [apiv2][query] POST https://upload-firebasehosting.googleapis.com/upload/sites/beta-flamingwheelz/versions/ef60ef9874ace664/files/761b4901fcc3ff804aec9e1cc99ee767f5b0c9f70e859641091e7f3e66ff6e20 [none]
[debug] [2022-10-26T03:37:15.522Z] >>> [apiv2][body] POST https://upload-firebasehosting.googleapis.com/upload/sites/beta-flamingwheelz/versions/ef60ef9874ace664/files/761b4901fcc3ff804aec9e1cc99ee767f5b0c9f70e859641091e7f3e66ff6e20 [stream]
[debug] [2022-10-26T03:37:16.288Z] [uploadQueue] Retrying task becb383c4d02b9f60d92c57c889cd1d3568f0cbabb5c0ec44858a1230ca68e55
[debug] [2022-10-26T03:37:16.289Z] >>> [apiv2][query] POST https://upload-firebasehosting.googleapis.com/upload/sites/beta-flamingwheelz/versions/ef60ef9874ace664/files/becb383c4d02b9f60d92c57c889cd1d3568f0cbabb5c0ec44858a1230ca68e55 [none]
[debug] [2022-10-26T03:37:16.289Z] >>> [apiv2][body] POST https://upload-firebasehosting.googleapis.com/upload/sites/beta-flamingwheelz/versions/ef60ef9874ace664/files/becb383c4d02b9f60d92c57c889cd1d3568f0cbabb5c0ec44858a1230ca68e55 [stream]
[debug] [2022-10-26T03:37:16.291Z] [uploadQueue] Retrying task ab4fa95a248095db9edd857ee5852025cbb0c98c79ddc99621bf504d02c4878c
[debug] [2022-10-26T03:37:16.291Z] >>> [apiv2][query] POST https://upload-firebasehosting.googleapis.com/upload/sites/beta-flamingwheelz/versions/ef60ef9874ace664/files/ab4fa95a248095db9edd857ee5852025cbb0c98c79ddc99621bf504d02c4878c [none]
[debug] [2022-10-26T03:37:16.291Z] >>> [apiv2][body] POST https://upload-firebasehosting.googleapis.com/upload/sites/beta-flamingwheelz/versions/ef60ef9874ace664/files/ab4fa95a248095db9edd857ee5852025cbb0c98c79ddc99621bf504d02c4878c [stream]
[debug] [2022-10-26T03:37:16.293Z] [uploadQueue] Retrying task cc07be748447f487bfbadeaf1afb1d6b6367d895b9c1834f4e4cfacd67a15a00
[debug] [2022-10-26T03:37:16.294Z] >>> [apiv2][query] POST https://upload-firebasehosting.googleapis.com/upload/sites/beta-flamingwheelz/versions/ef60ef9874ace664/files/cc07be748447f487bfbadeaf1afb1d6b6367d895b9c1834f4e4cfacd67a15a00 [none]
[debug] [2022-10-26T03:37:16.294Z] >>> [apiv2][body] POST https://upload-firebasehosting.googleapis.com/upload/sites/beta-flamingwheelz/versions/ef60ef9874ace664/files/cc07be748447f487bfbadeaf1afb1d6b6367d895b9c1834f4e4cfacd67a15a00 [stream]
[debug] [2022-10-26T03:37:16.296Z] [uploadQueue] Retrying task 12c20905f30ee07d7651b3e24436078c24e6ca7460262001a8d58a6a55ac7279
[debug] [2022-10-26T03:37:16.296Z] >>> [apiv2][query] POST https://upload-firebasehosting.googleapis.com/upload/sites/beta-flamingwheelz/versions/ef60ef9874ace664/files/12c20905f30ee07d7651b3e24436078c24e6ca7460262001a8d58a6a55ac7279 [none]
[debug] [2022-10-26T03:37:16.296Z] >>> [apiv2][body] POST https://upload-firebasehosting.googleapis.com/upload/sites/beta-flamingwheelz/versions/ef60ef9874ace664/files/12c20905f30ee07d7651b3e24436078c24e6ca7460262001a8d58a6a55ac7279 [stream]
[debug] [2022-10-26T03:37:16.606Z] [uploadQueue] Retrying task c01bd6005c5cd159c6e8e78e97256cf8c876053b323ca468f69e6a6585eb85a8
[debug] [2022-10-26T03:37:16.607Z] >>> [apiv2][query] POST https://upload-firebasehosting.googleapis.com/upload/sites/beta-flamingwheelz/versions/ef60ef9874ace664/files/c01bd6005c5cd159c6e8e78e97256cf8c876053b323ca468f69e6a6585eb85a8 [none]
[debug] [2022-10-26T03:37:16.608Z] >>> [apiv2][body] POST https://upload-firebasehosting.googleapis.com/upload/sites/beta-flamingwheelz/versions/ef60ef9874ace664/files/c01bd6005c5cd159c6e8e78e97256cf8c876053b323ca468f69e6a6585eb85a8 [stream]
[debug] [2022-10-26T03:37:16.609Z] [uploadQueue] Retrying task 7aeadec032fcb244d99033e866b1cabd050e433502110730e0e5424a954071e3
[debug] [2022-10-26T03:37:16.610Z] >>> [apiv2][query] POST https://upload-firebasehosting.googleapis.com/upload/sites/beta-flamingwheelz/versions/ef60ef9874ace664/files/7aeadec032fcb244d99033e866b1cabd050e433502110730e0e5424a954071e3 [none]
[debug] [2022-10-26T03:37:16.610Z] >>> [apiv2][body] POST https://upload-firebasehosting.googleapis.com/upload/sites/beta-flamingwheelz/versions/ef60ef9874ace664/files/7aeadec032fcb244d99033e866b1cabd050e433502110730e0e5424a954071e3 [stream]
[debug] [2022-10-26T03:37:16.620Z] [uploadQueue] Retrying task f65ffb4f72a68be3b0e0bfa870dc1d2c4eeda48bbb9bcb115c1e56e9e53cace0
[debug] [2022-10-26T03:37:16.621Z] >>> [apiv2][query] POST https://upload-firebasehosting.googleapis.com/upload/sites/beta-flamingwheelz/versions/ef60ef9874ace664/files/f65ffb4f72a68be3b0e0bfa870dc1d2c4eeda48bbb9bcb115c1e56e9e53cace0 [none]
[debug] [2022-10-26T03:37:16.621Z] >>> [apiv2][body] POST https://upload-firebasehosting.googleapis.com/upload/sites/beta-flamingwheelz/versions/ef60ef9874ace664/files/f65ffb4f72a68be3b0e0bfa870dc1d2c4eeda48bbb9bcb115c1e56e9e53cace0 [stream]
[debug] [2022-10-26T03:37:16.623Z] [uploadQueue] Retrying task 19a01bb065963f5fa51ba6aea433917623f01e16c2d95014b93aa391e5597023
[debug] [2022-10-26T03:37:16.624Z] >>> [apiv2][query] POST https://upload-firebasehosting.googleapis.com/upload/sites/beta-flamingwheelz/versions/ef60ef9874ace664/files/19a01bb065963f5fa51ba6aea433917623f01e16c2d95014b93aa391e5597023 [none]
[debug] [2022-10-26T03:37:16.625Z] >>> [apiv2][body] POST https://upload-firebasehosting.googleapis.com/upload/sites/beta-flamingwheelz/versions/ef60ef9874ace664/files/19a01bb065963f5fa51ba6aea433917623f01e16c2d95014b93aa391e5597023 [stream]
[debug] [2022-10-26T03:37:16.627Z] [uploadQueue] Retrying task b49f8be0a93bbc015283147c6f589d1df16f455a8365245fa24a09babaf42f54
[debug] [2022-10-26T03:37:16.628Z] >>> [apiv2][query] POST https://upload-firebasehosting.googleapis.com/upload/sites/beta-flamingwheelz/versions/ef60ef9874ace664/files/b49f8be0a93bbc015283147c6f589d1df16f455a8365245fa24a09babaf42f54 [none]
[debug] [2022-10-26T03:37:16.628Z] >>> [apiv2][body] POST https://upload-firebasehosting.googleapis.com/upload/sites/beta-flamingwheelz/versions/ef60ef9874ace664/files/b49f8be0a93bbc015283147c6f589d1df16f455a8365245fa24a09babaf42f54 [stream]
[debug] [2022-10-26T03:37:16.630Z] [uploadQueue] Retrying task 5ac28b80844e62b65efc943c23796969d76697abf90734c67b1061f9dac29920
[debug] [2022-10-26T03:37:16.632Z] >>> [apiv2][query] POST https://upload-firebasehosting.googleapis.com/upload/sites/beta-flamingwheelz/versions/ef60ef9874ace664/files/5ac28b80844e62b65efc943c23796969d76697abf90734c67b1061f9dac29920 [none]
[debug] [2022-10-26T03:37:16.632Z] >>> [apiv2][body] POST https://upload-firebasehosting.googleapis.com/upload/sites/beta-flamingwheelz/versions/ef60ef9874ace664/files/5ac28b80844e62b65efc943c23796969d76697abf90734c67b1061f9dac29920 [stream]
[debug] Task 12c20905f30ee07d7651b3e24436078c24e6ca7460262001a8d58a6a55ac7279 failed: retries exhausted after 6 attempts, with error: Failed to make request to https://upload-firebasehosting.googleapis.com/upload/sites/beta-flamingwheelz/versions/ef60ef9874ace664/files/12c20905f30ee07d7651b3e24436078c24e6ca7460262001a8d58a6a55ac7279
[debug] [2022-10-26T03:37:27.798Z] [hosting][upload queue][FINAL] {"max":29306,"min":2898,"avg":13695.105263157895,"active":16,"complete":20,"success":19,"errored":1,"retried":86,"total":36,"elapsed":155326}
[debug] Task ecd0715f025c45f1705f170fa3a3fe04dda02b24d968aaa4145a9723bd9897b5 failed: retries exhausted after 6 attempts, with error: Timeout reached making request to https://upload-firebasehosting.googleapis.com/upload/sites/beta-flamingwheelz/versions/ef60ef9874ace664/files/ecd0715f025c45f1705f170fa3a3fe04dda02b24d968aaa4145a9723bd9897b5
[debug] [2022-10-26T03:37:32.825Z] Error: Timed out.
    at Timeout._onTimeout (C:\Users\Kunle IT\AppData\Roaming\npm\node_modules\firebase-tools\lib\utils.js:253:49)
    at listOnTimeout (node:internal/timers:559:17)
    at processTimers (node:internal/timers:502:7)
[error] 
[error] Error: An unexpected error has occurred.
